[1;37m[INFO]  Initializing DPDK. This will take a few seconds...[0m
EAL: Probing VFIO support...
EAL: WARNING: cpu flags constant_tsc=yes nonstop_tsc=no -> using unreliable clock cycles !
EAL: PCI device 0000:00:03.0 on NUMA socket -1
EAL:   Invalid NUMA socket, default to 0
EAL:   probe driver: 1af4:1000 net_virtio
EAL: PCI device 0000:00:04.0 on NUMA socket -1
EAL:   Invalid NUMA socket, default to 0
EAL:   probe driver: 8086:154c net_i40e_vf
EAL: PCI device 0000:00:05.0 on NUMA socket -1
EAL:   Invalid NUMA socket, default to 0
EAL:   probe driver: 8086:154c net_i40e_vf
[1;37m[INFO]  Found 2 usable devices:[0m
   Device 0: 52:54:00:7E:BA:22 ([0;32mIntel Corporation XL710/X710 Virtual Function[0m)
   Device 1: 52:54:00:34:F7:C3 ([0;32mIntel Corporation XL710/X710 Virtual Function[0m)
[1;33m[WARN]  Failed to get firmware version: -95[0m
[1;33m[WARN]  Failed to get firmware version: -95[0m
[1;37m[INFO]  Waiting for devices to come up...[0m
[1;37m[INFO]  Device 1 (52:54:00:34:F7:C3) is up: 40000 MBit/s[0m
[1;37m[INFO]  Device 0 (52:54:00:7E:BA:22) is up: 40000 MBit/s[0m
[1;37m[INFO]  [0;32m2 devices are up.[0m[0m
[1;37m[INFO]  Trying to enable rx timestamping of all packets, this isn't supported by most nics[0m
[0;34m[Device: id=0] TX[0m: 0.6937 Mpps, 355.18 Mbit/s (466.17 Mbit/s with framing)
[1;36m[Device: id=1] RX[0m: 0.6620 Mpps, 360.13 Mbit/s (466.05 Mbit/s with framing)
[0;34m[Device: id=0] TX[0m: 0.7203 Mpps, 368.81 Mbit/s (484.06 Mbit/s with framing)
[1;36m[Device: id=1] RX[0m: 0.7050 Mpps, 383.50 Mbit/s (496.29 Mbit/s with framing)
[0;34m[Device: id=0] TX[0m: 0.7203 Mpps, 368.82 Mbit/s (484.08 Mbit/s with framing)
[1;36m[Device: id=1] RX[0m: 0.7203 Mpps, 391.86 Mbit/s (507.11 Mbit/s with framing)
[0;34m[Device: id=0] TX[0m: 0.7203 Mpps, 368.81 Mbit/s (484.06 Mbit/s with framing)
[1;36m[Device: id=1] RX[0m: 0.7203 Mpps, 391.87 Mbit/s (507.12 Mbit/s with framing)
[0;34m[Device: id=0] TX[0m: 0.7203 Mpps, 368.82 Mbit/s (484.07 Mbit/s with framing)
[1;36m[Device: id=1] RX[0m: 0.7203 Mpps, 391.86 Mbit/s (507.12 Mbit/s with framing)
[0;34m[Device: id=0] TX[0m: 0.7203 Mpps, 368.80 Mbit/s (484.06 Mbit/s with framing)
[1;36m[Device: id=1] RX[0m: 0.7203 Mpps, 391.82 Mbit/s (507.07 Mbit/s with framing)
[0;34m[Device: id=0] TX[0m: 0.7203 Mpps, 368.81 Mbit/s (484.07 Mbit/s with framing)
[1;36m[Device: id=1] RX[0m: 0.7204 Mpps, 391.91 Mbit/s (507.18 Mbit/s with framing)
18
[0;34m[Device: id=0] TX[0m: 0.3700 Mpps, 189.44 Mbit/s (248.64 Mbit/s with framing)
[1;36m[Device: id=1] RX[0m: 0.3534 Mpps, 192.27 Mbit/s (248.82 Mbit/s with framing)
5400000
[1;36m[Device: id=1] RX[0m: 0.6657 (StdDev 0.1378) Mpps, 362.16 (StdDev 75) Mbit/s (468.67 Mbit/s with framing), total 5322163 packets with 361907084 bytes (incl. CRC)
[0;34m[Device: id=0] TX[0m: 0.0000 Mpps, 0.00 Mbit/s (0.00 Mbit/s with framing)
[0;34m[Device: id=0] TX[0m: 0.5865 (StdDev 0.2668) Mpps, 300.29 (StdDev 137) Mbit/s (394.13 Mbit/s with framing), total 5400000 packets with 345600000 bytes (incl. CRC)
