[1;37m[INFO]  Initializing DPDK. This will take a few seconds...[0m
EAL: Probing VFIO support...
EAL: WARNING: cpu flags constant_tsc=yes nonstop_tsc=no -> using unreliable clock cycles !
EAL: PCI device 0000:00:03.0 on NUMA socket -1
EAL:   Invalid NUMA socket, default to 0
EAL:   probe driver: 1af4:1000 net_virtio
EAL: PCI device 0000:00:04.0 on NUMA socket -1
EAL:   Invalid NUMA socket, default to 0
EAL:   probe driver: 8086:154c net_i40e_vf
EAL: PCI device 0000:00:05.0 on NUMA socket -1
EAL:   Invalid NUMA socket, default to 0
EAL:   probe driver: 8086:154c net_i40e_vf
[1;37m[INFO]  Found 2 usable devices:[0m
   Device 0: 52:54:00:7E:BA:22 ([0;32mIntel Corporation XL710/X710 Virtual Function[0m)
   Device 1: 52:54:00:34:F7:C3 ([0;32mIntel Corporation XL710/X710 Virtual Function[0m)
[1;33m[WARN]  Failed to get firmware version: -95[0m
[1;33m[WARN]  Failed to get firmware version: -95[0m
[1;37m[INFO]  Waiting for devices to come up...[0m
[1;37m[INFO]  Device 1 (52:54:00:34:F7:C3) is up: 40000 MBit/s[0m
[1;37m[INFO]  Device 0 (52:54:00:7E:BA:22) is up: 40000 MBit/s[0m
[1;37m[INFO]  [0;32m2 devices are up.[0m[0m
[1;37m[INFO]  Trying to enable rx timestamping of all packets, this isn't supported by most nics[0m
[0;34m[Device: id=0] TX[0m: 0.1932 Mpps, 2317.90 Mbit/s (2348.80 Mbit/s with framing)
[1;36m[Device: id=1] RX[0m: 0.1890 Mpps, 2274.23 Mbit/s (2304.47 Mbit/s with framing)
[0;34m[Device: id=0] TX[0m: 0.2000 Mpps, 2400.41 Mbit/s (2432.41 Mbit/s with framing)
[1;36m[Device: id=1] RX[0m: 0.1961 Mpps, 2359.28 Mbit/s (2390.65 Mbit/s with framing)
[0;34m[Device: id=0] TX[0m: 0.2000 Mpps, 2400.14 Mbit/s (2432.15 Mbit/s with framing)
[1;36m[Device: id=1] RX[0m: 0.2000 Mpps, 2406.59 Mbit/s (2438.60 Mbit/s with framing)
[1;36m[Device: id=1] RX[0m: 0.2000 Mpps, 2406.75 Mbit/s (2438.75 Mbit/s with framing)
[0;34m[Device: id=0] TX[0m: 0.2000 Mpps, 2400.47 Mbit/s (2432.48 Mbit/s with framing)
[1;36m[Device: id=1] RX[0m: 0.2000 Mpps, 2406.62 Mbit/s (2438.63 Mbit/s with framing)
[0;34m[Device: id=0] TX[0m: 0.2000 Mpps, 2400.23 Mbit/s (2432.23 Mbit/s with framing)
[1;36m[Device: id=1] RX[0m: 0.2000 Mpps, 2406.74 Mbit/s (2438.74 Mbit/s with framing)
[0;34m[Device: id=0] TX[0m: 0.2000 Mpps, 2400.28 Mbit/s (2432.28 Mbit/s with framing)
[1;36m[Device: id=1] RX[0m: 0.2000 Mpps, 2406.55 Mbit/s (2438.55 Mbit/s with framing)
[0;34m[Device: id=0] TX[0m: 0.2000 Mpps, 2400.28 Mbit/s (2432.29 Mbit/s with framing)
33
[1;36m[Device: id=1] RX[0m: 0.0993 Mpps, 1194.55 Mbit/s (1210.44 Mbit/s with framing)
[0;34m[Device: id=0] TX[0m: 0.0983 Mpps, 1180.04 Mbit/s (1195.77 Mbit/s with framing)
1500000
[1;36m[Device: id=1] RX[0m: 0.1851 (StdDev 0.0379) Mpps, 2226.73 (StdDev 455) Mbit/s (2256.34 Mbit/s with framing), total 1484553 packets with 2232767712 bytes (incl. CRC)
[0;34m[Device: id=0] TX[0m: 0.0000 Mpps, 0.00 Mbit/s (0.00 Mbit/s with framing)
[0;34m[Device: id=0] TX[0m: 0.1623 (StdDev 0.0746) Mpps, 1947.73 (StdDev 895) Mbit/s (1973.70 Mbit/s with framing), total 1500000 packets with 2250000000 bytes (incl. CRC)
