[1;37m[INFO]  Initializing DPDK. This will take a few seconds...[0m
EAL: Probing VFIO support...
EAL: WARNING: cpu flags constant_tsc=yes nonstop_tsc=no -> using unreliable clock cycles !
EAL: PCI device 0000:00:03.0 on NUMA socket -1
EAL:   Invalid NUMA socket, default to 0
EAL:   probe driver: 1af4:1000 net_virtio
EAL: PCI device 0000:00:04.0 on NUMA socket -1
EAL:   Invalid NUMA socket, default to 0
EAL:   probe driver: 8086:154c net_i40e_vf
EAL: PCI device 0000:00:05.0 on NUMA socket -1
EAL:   Invalid NUMA socket, default to 0
EAL:   probe driver: 8086:154c net_i40e_vf
[1;37m[INFO]  Found 2 usable devices:[0m
   Device 0: 52:54:00:7E:BA:22 ([0;32mIntel Corporation XL710/X710 Virtual Function[0m)
   Device 1: 52:54:00:34:F7:C3 ([0;32mIntel Corporation XL710/X710 Virtual Function[0m)
[1;33m[WARN]  Failed to get firmware version: -95[0m
[1;33m[WARN]  Failed to get firmware version: -95[0m
[1;37m[INFO]  Waiting for devices to come up...[0m
[1;37m[INFO]  Device 1 (52:54:00:34:F7:C3) is up: 40000 MBit/s[0m
[1;37m[INFO]  Device 0 (52:54:00:7E:BA:22) is up: 40000 MBit/s[0m
[1;37m[INFO]  [0;32m2 devices are up.[0m[0m
[1;37m[INFO]  Trying to enable rx timestamping of all packets, this isn't supported by most nics[0m
[0;34m[Device: id=0] TX[0m: 1.0857 Mpps, 555.87 Mbit/s (729.58 Mbit/s with framing)
[1;36m[Device: id=1] RX[0m: 0.6136 Mpps, 333.78 Mbit/s (431.95 Mbit/s with framing)
[0;34m[Device: id=0] TX[0m: 1.1206 Mpps, 573.77 Mbit/s (753.07 Mbit/s with framing)
[1;36m[Device: id=1] RX[0m: 0.7176 Mpps, 390.37 Mbit/s (505.19 Mbit/s with framing)
[0;34m[Device: id=0] TX[0m: 1.1206 Mpps, 573.74 Mbit/s (753.04 Mbit/s with framing)
[1;36m[Device: id=1] RX[0m: 0.7339 Mpps, 399.27 Mbit/s (516.70 Mbit/s with framing)
[0;34m[Device: id=0] TX[0m: 1.1207 Mpps, 573.77 Mbit/s (753.08 Mbit/s with framing)
[1;36m[Device: id=1] RX[0m: 0.7345 Mpps, 399.59 Mbit/s (517.11 Mbit/s with framing)
[0;34m[Device: id=0] TX[0m: 1.1206 Mpps, 573.77 Mbit/s (753.07 Mbit/s with framing)
[1;36m[Device: id=1] RX[0m: 0.7355 Mpps, 400.09 Mbit/s (517.76 Mbit/s with framing)
[0;34m[Device: id=0] TX[0m: 1.1206 Mpps, 573.77 Mbit/s (753.07 Mbit/s with framing)
[1;36m[Device: id=1] RX[0m: 0.7601 Mpps, 413.47 Mbit/s (535.08 Mbit/s with framing)
[0;34m[Device: id=0] TX[0m: 1.1206 Mpps, 573.77 Mbit/s (753.07 Mbit/s with framing)
[1;36m[Device: id=1] RX[0m: 0.7593 Mpps, 413.06 Mbit/s (534.55 Mbit/s with framing)
21
[0;34m[Device: id=0] TX[0m: 0.5466 Mpps, 279.85 Mbit/s (367.30 Mbit/s with framing)
[1;36m[Device: id=1] RX[0m: 0.3333 Mpps, 181.30 Mbit/s (234.62 Mbit/s with framing)
8400000
[1;36m[Device: id=1] RX[0m: 0.6820 (StdDev 0.1545) Mpps, 371.02 (StdDev 84) Mbit/s (480.14 Mbit/s with framing), total 5387765 packets with 366368020 bytes (incl. CRC)
[0;34m[Device: id=0] TX[0m: 0.0000 Mpps, 0.00 Mbit/s (0.00 Mbit/s with framing)
[0;34m[Device: id=0] TX[0m: 0.9088 (StdDev 0.4186) Mpps, 465.31 (StdDev 214) Mbit/s (610.71 Mbit/s with framing), total 8400000 packets with 537600000 bytes (incl. CRC)
