[1;37m[INFO]  Initializing DPDK. This will take a few seconds...[0m
EAL: Probing VFIO support...
EAL: WARNING: cpu flags constant_tsc=yes nonstop_tsc=no -> using unreliable clock cycles !
EAL: PCI device 0000:00:03.0 on NUMA socket -1
EAL:   Invalid NUMA socket, default to 0
EAL:   probe driver: 1af4:1000 net_virtio
EAL: PCI device 0000:00:04.0 on NUMA socket -1
EAL:   Invalid NUMA socket, default to 0
EAL:   probe driver: 8086:154c net_i40e_vf
EAL: PCI device 0000:00:05.0 on NUMA socket -1
EAL:   Invalid NUMA socket, default to 0
EAL:   probe driver: 8086:154c net_i40e_vf
[1;37m[INFO]  Found 2 usable devices:[0m
   Device 0: 52:54:00:7E:BA:22 ([0;32mIntel Corporation XL710/X710 Virtual Function[0m)
   Device 1: 52:54:00:34:F7:C3 ([0;32mIntel Corporation XL710/X710 Virtual Function[0m)
[1;33m[WARN]  Failed to get firmware version: -95[0m
[1;33m[WARN]  Failed to get firmware version: -95[0m
[1;37m[INFO]  Waiting for devices to come up...[0m
[1;37m[INFO]  Device 1 (52:54:00:34:F7:C3) is up: 40000 MBit/s[0m
[1;37m[INFO]  Device 0 (52:54:00:7E:BA:22) is up: 40000 MBit/s[0m
[1;37m[INFO]  [0;32m2 devices are up.[0m[0m
[1;37m[INFO]  Trying to enable rx timestamping of all packets, this isn't supported by most nics[0m
[1;36m[Device: id=1] RX[0m: 0.6151 Mpps, 7400.63 Mbit/s (7499.05 Mbit/s with framing)
[0;34m[Device: id=0] TX[0m: 0.8511 Mpps, 10212.75 Mbit/s (10348.92 Mbit/s with framing)
[0;34m[Device: id=0] TX[0m: 0.8804 Mpps, 10564.51 Mbit/s (10705.37 Mbit/s with framing)
[1;36m[Device: id=1] RX[0m: 0.7082 Mpps, 8520.97 Mbit/s (8634.28 Mbit/s with framing)
[0;34m[Device: id=0] TX[0m: 0.8804 Mpps, 10564.53 Mbit/s (10705.39 Mbit/s with framing)
[1;36m[Device: id=1] RX[0m: 0.7267 Mpps, 8743.24 Mbit/s (8859.50 Mbit/s with framing)
[0;34m[Device: id=0] TX[0m: 0.8804 Mpps, 10564.49 Mbit/s (10705.35 Mbit/s with framing)
[1;36m[Device: id=1] RX[0m: 0.7248 Mpps, 8720.84 Mbit/s (8836.81 Mbit/s with framing)
[0;34m[Device: id=0] TX[0m: 0.8804 Mpps, 10564.56 Mbit/s (10705.42 Mbit/s with framing)
[1;36m[Device: id=1] RX[0m: 0.7268 Mpps, 8745.23 Mbit/s (8861.52 Mbit/s with framing)
[0;34m[Device: id=0] TX[0m: 0.8804 Mpps, 10564.58 Mbit/s (10705.44 Mbit/s with framing)
[1;36m[Device: id=1] RX[0m: 0.7268 Mpps, 8745.36 Mbit/s (8861.66 Mbit/s with framing)
[0;34m[Device: id=0] TX[0m: 0.8804 Mpps, 10564.34 Mbit/s (10705.20 Mbit/s with framing)
[1;36m[Device: id=1] RX[0m: 0.7268 Mpps, 8744.78 Mbit/s (8861.07 Mbit/s with framing)
57
[0;34m[Device: id=0] TX[0m: 0.4468 Mpps, 5362.15 Mbit/s (5433.65 Mbit/s with framing)
[1;36m[Device: id=1] RX[0m: 0.3534 Mpps, 4252.56 Mbit/s (4309.11 Mbit/s with framing)
6600000
[1;36m[Device: id=1] RX[0m: 0.6705 (StdDev 0.1400) Mpps, 8067.57 (StdDev 1684) Mbit/s (8174.85 Mbit/s with framing), total 5308680 packets with 7984254720 bytes (incl. CRC)
[0;34m[Device: id=0] TX[0m: 0.0000 Mpps, 0.00 Mbit/s (0.00 Mbit/s with framing)
[0;34m[Device: id=0] TX[0m: 0.7161 (StdDev 0.3267) Mpps, 8593.64 (StdDev 3921) Mbit/s (8708.23 Mbit/s with framing), total 6600000 packets with 9900000000 bytes (incl. CRC)
