[1;37m[INFO]  Initializing DPDK. This will take a few seconds...[0m
EAL: Probing VFIO support...
EAL: WARNING: cpu flags constant_tsc=yes nonstop_tsc=no -> using unreliable clock cycles !
EAL: PCI device 0000:00:03.0 on NUMA socket -1
EAL:   Invalid NUMA socket, default to 0
EAL:   probe driver: 1af4:1000 net_virtio
EAL: PCI device 0000:00:04.0 on NUMA socket -1
EAL:   Invalid NUMA socket, default to 0
EAL:   probe driver: 8086:154c net_i40e_vf
EAL: PCI device 0000:00:05.0 on NUMA socket -1
EAL:   Invalid NUMA socket, default to 0
EAL:   probe driver: 8086:154c net_i40e_vf
[1;37m[INFO]  Found 2 usable devices:[0m
   Device 0: 52:54:00:7E:BA:22 ([0;32mIntel Corporation XL710/X710 Virtual Function[0m)
   Device 1: 52:54:00:34:F7:C3 ([0;32mIntel Corporation XL710/X710 Virtual Function[0m)
[1;33m[WARN]  Failed to get firmware version: -95[0m
[1;33m[WARN]  Failed to get firmware version: -95[0m
[1;37m[INFO]  Waiting for devices to come up...[0m
[1;37m[INFO]  Device 1 (52:54:00:34:F7:C3) is up: 40000 MBit/s[0m
[1;37m[INFO]  Device 0 (52:54:00:7E:BA:22) is up: 40000 MBit/s[0m
[1;37m[INFO]  [0;32m2 devices are up.[0m[0m
[1;37m[INFO]  Trying to enable rx timestamping of all packets, this isn't supported by most nics[0m
[0;34m[Device: id=0] TX[0m: 0.6176 Mpps, 316.22 Mbit/s (415.04 Mbit/s with framing)
[1;36m[Device: id=1] RX[0m: 0.5837 Mpps, 317.54 Mbit/s (410.94 Mbit/s with framing)
[0;34m[Device: id=0] TX[0m: 0.6401 Mpps, 327.71 Mbit/s (430.13 Mbit/s with framing)
[1;36m[Device: id=1] RX[0m: 0.6265 Mpps, 340.84 Mbit/s (441.09 Mbit/s with framing)
[0;34m[Device: id=0] TX[0m: 0.6401 Mpps, 327.71 Mbit/s (430.12 Mbit/s with framing)
[1;36m[Device: id=1] RX[0m: 0.6400 Mpps, 348.19 Mbit/s (450.59 Mbit/s with framing)
[1;36m[Device: id=1] RX[0m: 0.6401 Mpps, 348.20 Mbit/s (450.61 Mbit/s with framing)
[0;34m[Device: id=0] TX[0m: 0.6401 Mpps, 327.71 Mbit/s (430.12 Mbit/s with framing)
[1;36m[Device: id=1] RX[0m: 0.6401 Mpps, 348.19 Mbit/s (450.60 Mbit/s with framing)
[0;34m[Device: id=0] TX[0m: 0.6401 Mpps, 327.71 Mbit/s (430.12 Mbit/s with framing)
[1;36m[Device: id=1] RX[0m: 0.6401 Mpps, 348.19 Mbit/s (450.60 Mbit/s with framing)
[0;34m[Device: id=0] TX[0m: 0.6401 Mpps, 327.71 Mbit/s (430.12 Mbit/s with framing)
[1;36m[Device: id=1] RX[0m: 0.6401 Mpps, 348.19 Mbit/s (450.60 Mbit/s with framing)
[0;34m[Device: id=0] TX[0m: 0.6401 Mpps, 327.71 Mbit/s (430.12 Mbit/s with framing)
30
[1;36m[Device: id=1] RX[0m: 0.3168 Mpps, 172.35 Mbit/s (223.05 Mbit/s with framing)
[0;34m[Device: id=0] TX[0m: 0.3041 Mpps, 155.69 Mbit/s (204.35 Mbit/s with framing)
4800000
[1;36m[Device: id=1] RX[0m: 0.5920 (StdDev 0.1214) Mpps, 322.02 (StdDev 66) Mbit/s (416.74 Mbit/s with framing), total 4727430 packets with 321465240 bytes (incl. CRC)
[0;34m[Device: id=0] TX[0m: 0.0000 Mpps, 0.00 Mbit/s (0.00 Mbit/s with framing)
[0;34m[Device: id=0] TX[0m: 0.5181 (StdDev 0.2401) Mpps, 265.25 (StdDev 123) Mbit/s (348.14 Mbit/s with framing), total 4800000 packets with 307200000 bytes (incl. CRC)
