[1;37m[INFO]  Initializing DPDK. This will take a few seconds...[0m
EAL: Probing VFIO support...
EAL: WARNING: cpu flags constant_tsc=yes nonstop_tsc=no -> using unreliable clock cycles !
EAL: PCI device 0000:00:03.0 on NUMA socket -1
EAL:   Invalid NUMA socket, default to 0
EAL:   probe driver: 1af4:1000 net_virtio
EAL: PCI device 0000:00:04.0 on NUMA socket -1
EAL:   Invalid NUMA socket, default to 0
EAL:   probe driver: 8086:154c net_i40e_vf
EAL: PCI device 0000:00:05.0 on NUMA socket -1
EAL:   Invalid NUMA socket, default to 0
EAL:   probe driver: 8086:154c net_i40e_vf
[1;37m[INFO]  Found 2 usable devices:[0m
   Device 0: 52:54:00:7E:BA:22 ([0;32mIntel Corporation XL710/X710 Virtual Function[0m)
   Device 1: 52:54:00:34:F7:C3 ([0;32mIntel Corporation XL710/X710 Virtual Function[0m)
[1;33m[WARN]  Failed to get firmware version: -95[0m
[1;33m[WARN]  Failed to get firmware version: -95[0m
[1;37m[INFO]  Waiting for devices to come up...[0m
[1;37m[INFO]  Device 1 (52:54:00:34:F7:C3) is up: 40000 MBit/s[0m
[1;37m[INFO]  Device 0 (52:54:00:7E:BA:22) is up: 40000 MBit/s[0m
[1;37m[INFO]  [0;32m2 devices are up.[0m[0m
[1;37m[INFO]  Trying to enable rx timestamping of all packets, this isn't supported by most nics[0m
[0;34m[Device: id=0] TX[0m: 0.2700 Mpps, 138.26 Mbit/s (181.46 Mbit/s with framing)
[1;36m[Device: id=1] RX[0m: 0.2672 Mpps, 145.38 Mbit/s (188.13 Mbit/s with framing)
[0;34m[Device: id=0] TX[0m: 0.2800 Mpps, 143.37 Mbit/s (188.18 Mbit/s with framing)
[1;36m[Device: id=1] RX[0m: 0.2743 Mpps, 149.23 Mbit/s (193.13 Mbit/s with framing)
[0;34m[Device: id=0] TX[0m: 0.2800 Mpps, 143.37 Mbit/s (188.17 Mbit/s with framing)
[1;36m[Device: id=1] RX[0m: 0.2800 Mpps, 152.33 Mbit/s (197.13 Mbit/s with framing)
[0;34m[Device: id=0] TX[0m: 0.2800 Mpps, 143.37 Mbit/s (188.17 Mbit/s with framing)
[1;36m[Device: id=1] RX[0m: 0.2800 Mpps, 152.33 Mbit/s (197.13 Mbit/s with framing)
[0;34m[Device: id=0] TX[0m: 0.2800 Mpps, 143.37 Mbit/s (188.17 Mbit/s with framing)
[1;36m[Device: id=1] RX[0m: 0.2800 Mpps, 152.33 Mbit/s (197.13 Mbit/s with framing)
[0;34m[Device: id=0] TX[0m: 0.2800 Mpps, 143.37 Mbit/s (188.17 Mbit/s with framing)
[1;36m[Device: id=1] RX[0m: 0.2800 Mpps, 152.33 Mbit/s (197.14 Mbit/s with framing)
[0;34m[Device: id=0] TX[0m: 0.2800 Mpps, 143.37 Mbit/s (188.17 Mbit/s with framing)
[1;36m[Device: id=1] RX[0m: 0.2800 Mpps, 152.33 Mbit/s (197.13 Mbit/s with framing)
21
[1;36m[Device: id=1] RX[0m: 0.1353 Mpps, 73.58 Mbit/s (95.22 Mbit/s with framing)
[0;34m[Device: id=0] TX[0m: 0.1378 Mpps, 70.57 Mbit/s (92.63 Mbit/s with framing)
2100000
[1;36m[Device: id=1] RX[0m: 0.2585 (StdDev 0.0544) Mpps, 140.64 (StdDev 30) Mbit/s (182.00 Mbit/s with framing), total 2076999 packets with 141235932 bytes (incl. CRC)
[0;34m[Device: id=0] TX[0m: 0.0000 Mpps, 0.00 Mbit/s (0.00 Mbit/s with framing)
[0;34m[Device: id=0] TX[0m: 0.2272 (StdDev 0.1044) Mpps, 116.35 (StdDev 53) Mbit/s (152.71 Mbit/s with framing), total 2100000 packets with 134400000 bytes (incl. CRC)
