[1;37m[INFO]  Initializing DPDK. This will take a few seconds...[0m
EAL: Probing VFIO support...
EAL: WARNING: cpu flags constant_tsc=yes nonstop_tsc=no -> using unreliable clock cycles !
EAL: PCI device 0000:00:03.0 on NUMA socket -1
EAL:   Invalid NUMA socket, default to 0
EAL:   probe driver: 1af4:1000 net_virtio
EAL: PCI device 0000:00:04.0 on NUMA socket -1
EAL:   Invalid NUMA socket, default to 0
EAL:   probe driver: 8086:154c net_i40e_vf
EAL: PCI device 0000:00:05.0 on NUMA socket -1
EAL:   Invalid NUMA socket, default to 0
EAL:   probe driver: 8086:154c net_i40e_vf
[1;37m[INFO]  Found 2 usable devices:[0m
   Device 0: 52:54:00:7E:BA:22 ([0;32mIntel Corporation XL710/X710 Virtual Function[0m)
   Device 1: 52:54:00:34:F7:C3 ([0;32mIntel Corporation XL710/X710 Virtual Function[0m)
[1;33m[WARN]  Failed to get firmware version: -95[0m
[1;33m[WARN]  Failed to get firmware version: -95[0m
[1;37m[INFO]  Waiting for devices to come up...[0m
[1;37m[INFO]  Device 1 (52:54:00:34:F7:C3) is up: 40000 MBit/s[0m
[1;37m[INFO]  Device 0 (52:54:00:7E:BA:22) is up: 40000 MBit/s[0m
[1;37m[INFO]  [0;32m2 devices are up.[0m[0m
[1;37m[INFO]  Trying to enable rx timestamping of all packets, this isn't supported by most nics[0m
[0;34m[Device: id=0] TX[0m: 0.7358 Mpps, 376.74 Mbit/s (494.47 Mbit/s with framing)
[1;36m[Device: id=1] RX[0m: 0.6294 Mpps, 342.37 Mbit/s (443.07 Mbit/s with framing)
[0;34m[Device: id=0] TX[0m: 0.7603 Mpps, 389.28 Mbit/s (510.93 Mbit/s with framing)
[1;36m[Device: id=1] RX[0m: 0.7214 Mpps, 392.44 Mbit/s (507.86 Mbit/s with framing)
[0;34m[Device: id=0] TX[0m: 0.7603 Mpps, 389.26 Mbit/s (510.91 Mbit/s with framing)
[1;36m[Device: id=1] RX[0m: 0.7367 Mpps, 400.74 Mbit/s (518.60 Mbit/s with framing)
[0;34m[Device: id=0] TX[0m: 0.7603 Mpps, 389.26 Mbit/s (510.91 Mbit/s with framing)
[1;36m[Device: id=1] RX[0m: 0.7376 Mpps, 401.23 Mbit/s (519.24 Mbit/s with framing)
[0;34m[Device: id=0] TX[0m: 0.7603 Mpps, 389.26 Mbit/s (510.91 Mbit/s with framing)
[1;36m[Device: id=1] RX[0m: 0.7386 Mpps, 401.79 Mbit/s (519.97 Mbit/s with framing)
[0;34m[Device: id=0] TX[0m: 0.7603 Mpps, 389.27 Mbit/s (510.91 Mbit/s with framing)
[1;36m[Device: id=1] RX[0m: 0.7419 Mpps, 403.59 Mbit/s (522.30 Mbit/s with framing)
[0;34m[Device: id=0] TX[0m: 0.7603 Mpps, 389.26 Mbit/s (510.91 Mbit/s with framing)
[1;36m[Device: id=1] RX[0m: 0.7405 Mpps, 402.82 Mbit/s (521.30 Mbit/s with framing)
12
[0;34m[Device: id=0] TX[0m: 0.3828 Mpps, 196.02 Mbit/s (257.27 Mbit/s with framing)
[1;36m[Device: id=1] RX[0m: 0.3606 Mpps, 196.14 Mbit/s (253.83 Mbit/s with framing)
5700000
[1;36m[Device: id=1] RX[0m: 0.6824 (StdDev 0.1421) Mpps, 371.25 (StdDev 77) Mbit/s (480.44 Mbit/s with framing), total 5406522 packets with 367643496 bytes (incl. CRC)
[0;34m[Device: id=0] TX[0m: 0.0000 Mpps, 0.00 Mbit/s (0.00 Mbit/s with framing)
[0;34m[Device: id=0] TX[0m: 0.6181 (StdDev 0.2825) Mpps, 316.45 (StdDev 145) Mbit/s (415.34 Mbit/s with framing), total 5700000 packets with 364800000 bytes (incl. CRC)
