[1;37m[INFO]  Initializing DPDK. This will take a few seconds...[0m
EAL: Probing VFIO support...
EAL: WARNING: cpu flags constant_tsc=yes nonstop_tsc=no -> using unreliable clock cycles !
EAL: PCI device 0000:00:03.0 on NUMA socket -1
EAL:   Invalid NUMA socket, default to 0
EAL:   probe driver: 1af4:1000 net_virtio
EAL: PCI device 0000:00:04.0 on NUMA socket -1
EAL:   Invalid NUMA socket, default to 0
EAL:   probe driver: 8086:154c net_i40e_vf
EAL: PCI device 0000:00:05.0 on NUMA socket -1
EAL:   Invalid NUMA socket, default to 0
EAL:   probe driver: 8086:154c net_i40e_vf
[1;37m[INFO]  Found 2 usable devices:[0m
   Device 0: 52:54:00:7E:BA:22 ([0;32mIntel Corporation XL710/X710 Virtual Function[0m)
   Device 1: 52:54:00:34:F7:C3 ([0;32mIntel Corporation XL710/X710 Virtual Function[0m)
[1;33m[WARN]  Failed to get firmware version: -95[0m
[1;33m[WARN]  Failed to get firmware version: -95[0m
[1;37m[INFO]  Waiting for devices to come up...[0m
[1;37m[INFO]  Device 1 (52:54:00:34:F7:C3) is up: 40000 MBit/s[0m
[1;37m[INFO]  Device 0 (52:54:00:7E:BA:22) is up: 40000 MBit/s[0m
[1;37m[INFO]  [0;32m2 devices are up.[0m[0m
[1;37m[INFO]  Trying to enable rx timestamping of all packets, this isn't supported by most nics[0m
[0;34m[Device: id=0] TX[0m: 1.1376 Mpps, 582.47 Mbit/s (764.49 Mbit/s with framing)
[1;36m[Device: id=1] RX[0m: 0.6199 Mpps, 337.21 Mbit/s (436.39 Mbit/s with framing)
[0;34m[Device: id=0] TX[0m: 1.2006 Mpps, 614.68 Mbit/s (806.77 Mbit/s with framing)
[1;36m[Device: id=1] RX[0m: 0.7141 Mpps, 388.46 Mbit/s (502.71 Mbit/s with framing)
[0;34m[Device: id=0] TX[0m: 1.2006 Mpps, 614.68 Mbit/s (806.77 Mbit/s with framing)
[1;36m[Device: id=1] RX[0m: 0.7264 Mpps, 395.15 Mbit/s (511.38 Mbit/s with framing)
[0;34m[Device: id=0] TX[0m: 1.2006 Mpps, 614.69 Mbit/s (806.77 Mbit/s with framing)
[1;36m[Device: id=1] RX[0m: 0.7268 Mpps, 395.35 Mbit/s (511.63 Mbit/s with framing)
[0;34m[Device: id=0] TX[0m: 1.2006 Mpps, 614.69 Mbit/s (806.78 Mbit/s with framing)
[1;36m[Device: id=1] RX[0m: 0.7259 Mpps, 394.90 Mbit/s (511.04 Mbit/s with framing)
[0;34m[Device: id=0] TX[0m: 1.2006 Mpps, 614.68 Mbit/s (806.77 Mbit/s with framing)
[1;36m[Device: id=1] RX[0m: 0.7245 Mpps, 394.14 Mbit/s (510.06 Mbit/s with framing)
[1;36m[Device: id=1] RX[0m: 0.7239 Mpps, 393.82 Mbit/s (509.66 Mbit/s with framing)
[0;34m[Device: id=0] TX[0m: 1.2006 Mpps, 614.69 Mbit/s (806.78 Mbit/s with framing)
9
[1;36m[Device: id=1] RX[0m: 0.3552 Mpps, 193.21 Mbit/s (250.03 Mbit/s with framing)
[0;34m[Device: id=0] TX[0m: 0.5882 Mpps, 301.16 Mbit/s (395.28 Mbit/s with framing)
9000000
[1;36m[Device: id=1] RX[0m: 0.6710 (StdDev 0.1393) Mpps, 365.00 (StdDev 76) Mbit/s (472.36 Mbit/s with framing), total 5316653 packets with 361532404 bytes (incl. CRC)
[0;34m[Device: id=0] TX[0m: 0.0000 Mpps, 0.00 Mbit/s (0.00 Mbit/s with framing)
[0;34m[Device: id=0] TX[0m: 0.9739 (StdDev 0.4481) Mpps, 498.66 (StdDev 229) Mbit/s (654.49 Mbit/s with framing), total 9000000 packets with 576000000 bytes (incl. CRC)
