[1;37m[INFO]  Initializing DPDK. This will take a few seconds...[0m
EAL: Probing VFIO support...
EAL: WARNING: cpu flags constant_tsc=yes nonstop_tsc=no -> using unreliable clock cycles !
EAL: PCI device 0000:00:03.0 on NUMA socket -1
EAL:   Invalid NUMA socket, default to 0
EAL:   probe driver: 1af4:1000 net_virtio
EAL: PCI device 0000:00:04.0 on NUMA socket -1
EAL:   Invalid NUMA socket, default to 0
EAL:   probe driver: 8086:154c net_i40e_vf
EAL: PCI device 0000:00:05.0 on NUMA socket -1
EAL:   Invalid NUMA socket, default to 0
EAL:   probe driver: 8086:154c net_i40e_vf
[1;37m[INFO]  Found 2 usable devices:[0m
   Device 0: 52:54:00:7E:BA:22 ([0;32mIntel Corporation XL710/X710 Virtual Function[0m)
   Device 1: 52:54:00:34:F7:C3 ([0;32mIntel Corporation XL710/X710 Virtual Function[0m)
[1;33m[WARN]  Failed to get firmware version: -95[0m
[1;33m[WARN]  Failed to get firmware version: -95[0m
[1;37m[INFO]  Waiting for devices to come up...[0m
[1;37m[INFO]  Device 1 (52:54:00:34:F7:C3) is up: 40000 MBit/s[0m
[1;37m[INFO]  Device 0 (52:54:00:7E:BA:22) is up: 40000 MBit/s[0m
[1;37m[INFO]  [0;32m2 devices are up.[0m[0m
[1;37m[INFO]  Trying to enable rx timestamping of all packets, this isn't supported by most nics[0m
[0;34m[Device: id=0] TX[0m: 0.8078 Mpps, 413.58 Mbit/s (542.83 Mbit/s with framing)
[1;36m[Device: id=1] RX[0m: 0.6879 Mpps, 374.24 Mbit/s (484.31 Mbit/s with framing)
[0;34m[Device: id=0] TX[0m: 0.8403 Mpps, 430.24 Mbit/s (564.69 Mbit/s with framing)
[1;36m[Device: id=1] RX[0m: 0.7255 Mpps, 394.68 Mbit/s (510.76 Mbit/s with framing)
[0;34m[Device: id=0] TX[0m: 0.8403 Mpps, 430.25 Mbit/s (564.71 Mbit/s with framing)
[1;36m[Device: id=1] RX[0m: 0.7664 Mpps, 416.90 Mbit/s (539.51 Mbit/s with framing)
[0;34m[Device: id=0] TX[0m: 0.8403 Mpps, 430.25 Mbit/s (564.71 Mbit/s with framing)
[1;36m[Device: id=1] RX[0m: 0.7662 Mpps, 416.81 Mbit/s (539.40 Mbit/s with framing)
[0;34m[Device: id=0] TX[0m: 0.8403 Mpps, 430.25 Mbit/s (564.71 Mbit/s with framing)
[1;36m[Device: id=1] RX[0m: 0.7666 Mpps, 417.03 Mbit/s (539.68 Mbit/s with framing)
[0;34m[Device: id=0] TX[0m: 0.8403 Mpps, 430.25 Mbit/s (564.70 Mbit/s with framing)
[1;36m[Device: id=1] RX[0m: 0.7641 Mpps, 415.69 Mbit/s (537.95 Mbit/s with framing)
[1;36m[Device: id=1] RX[0m: 0.7619 Mpps, 414.48 Mbit/s (536.39 Mbit/s with framing)
[0;34m[Device: id=0] TX[0m: 0.8404 Mpps, 430.26 Mbit/s (564.72 Mbit/s with framing)
63
[1;36m[Device: id=1] RX[0m: 0.3724 Mpps, 202.60 Mbit/s (262.19 Mbit/s with framing)
[0;34m[Device: id=0] TX[0m: 0.4093 Mpps, 209.54 Mbit/s (275.02 Mbit/s with framing)
6300000
[1;36m[Device: id=1] RX[0m: 0.7033 (StdDev 0.1467) Mpps, 382.60 (StdDev 80) Mbit/s (495.13 Mbit/s with framing), total 5611097 packets with 381554596 bytes (incl. CRC)
[0;34m[Device: id=0] TX[0m: 0.0000 Mpps, 0.00 Mbit/s (0.00 Mbit/s with framing)
[0;34m[Device: id=0] TX[0m: 0.6814 (StdDev 0.3139) Mpps, 348.88 (StdDev 161) Mbit/s (457.91 Mbit/s with framing), total 6300000 packets with 403200000 bytes (incl. CRC)
