[1;37m[INFO]  Initializing DPDK. This will take a few seconds...[0m
EAL: Probing VFIO support...
EAL: WARNING: cpu flags constant_tsc=yes nonstop_tsc=no -> using unreliable clock cycles !
EAL: PCI device 0000:00:03.0 on NUMA socket -1
EAL:   Invalid NUMA socket, default to 0
EAL:   probe driver: 1af4:1000 net_virtio
EAL: PCI device 0000:00:04.0 on NUMA socket -1
EAL:   Invalid NUMA socket, default to 0
EAL:   probe driver: 8086:154c net_i40e_vf
EAL: PCI device 0000:00:05.0 on NUMA socket -1
EAL:   Invalid NUMA socket, default to 0
EAL:   probe driver: 8086:154c net_i40e_vf
[1;37m[INFO]  Found 2 usable devices:[0m
   Device 0: 52:54:00:7E:BA:22 ([0;32mIntel Corporation XL710/X710 Virtual Function[0m)
   Device 1: 52:54:00:34:F7:C3 ([0;32mIntel Corporation XL710/X710 Virtual Function[0m)
[1;33m[WARN]  Failed to get firmware version: -95[0m
[1;33m[WARN]  Failed to get firmware version: -95[0m
[1;37m[INFO]  Waiting for devices to come up...[0m
[1;37m[INFO]  Device 1 (52:54:00:34:F7:C3) is up: 40000 MBit/s[0m
[1;37m[INFO]  Device 0 (52:54:00:7E:BA:22) is up: 40000 MBit/s[0m
[1;37m[INFO]  [0;32m2 devices are up.[0m[0m
[1;37m[INFO]  Trying to enable rx timestamping of all packets, this isn't supported by most nics[0m
[0;34m[Device: id=0] TX[0m: 0.8812 Mpps, 10574.27 Mbit/s (10715.26 Mbit/s with framing)
[1;36m[Device: id=1] RX[0m: 0.6197 Mpps, 7455.86 Mbit/s (7555.01 Mbit/s with framing)
[0;34m[Device: id=0] TX[0m: 0.9205 Mpps, 11045.50 Mbit/s (11192.77 Mbit/s with framing)
[1;36m[Device: id=1] RX[0m: 0.7080 Mpps, 8518.64 Mbit/s (8631.92 Mbit/s with framing)
[0;34m[Device: id=0] TX[0m: 0.9205 Mpps, 11045.43 Mbit/s (11192.70 Mbit/s with framing)
[1;36m[Device: id=1] RX[0m: 0.7210 Mpps, 8675.62 Mbit/s (8790.99 Mbit/s with framing)
[0;34m[Device: id=0] TX[0m: 0.9204 Mpps, 11044.96 Mbit/s (11192.22 Mbit/s with framing)
[1;36m[Device: id=1] RX[0m: 0.7220 Mpps, 8687.47 Mbit/s (8802.99 Mbit/s with framing)
[0;34m[Device: id=0] TX[0m: 0.9204 Mpps, 11044.94 Mbit/s (11192.21 Mbit/s with framing)
[1;36m[Device: id=1] RX[0m: 0.7223 Mpps, 8690.64 Mbit/s (8806.21 Mbit/s with framing)
[0;34m[Device: id=0] TX[0m: 0.9204 Mpps, 11044.94 Mbit/s (11192.21 Mbit/s with framing)
[1;36m[Device: id=1] RX[0m: 0.7232 Mpps, 8701.04 Mbit/s (8816.74 Mbit/s with framing)
[0;34m[Device: id=0] TX[0m: 0.9204 Mpps, 11045.00 Mbit/s (11192.26 Mbit/s with framing)
[1;36m[Device: id=1] RX[0m: 0.7274 Mpps, 8752.25 Mbit/s (8868.64 Mbit/s with framing)
51
[0;34m[Device: id=0] TX[0m: 0.4731 Mpps, 5677.41 Mbit/s (5753.11 Mbit/s with framing)
[1;36m[Device: id=1] RX[0m: 0.3578 Mpps, 4304.49 Mbit/s (4361.73 Mbit/s with framing)
6900000
[1;36m[Device: id=1] RX[0m: 0.6688 (StdDev 0.1373) Mpps, 8047.16 (StdDev 1652) Mbit/s (8154.18 Mbit/s with framing), total 5301395 packets with 7973298080 bytes (incl. CRC)
[0;34m[Device: id=0] TX[0m: 0.0000 Mpps, 0.00 Mbit/s (0.00 Mbit/s with framing)
[0;34m[Device: id=0] TX[0m: 0.7495 (StdDev 0.3409) Mpps, 8993.52 (StdDev 4091) Mbit/s (9113.44 Mbit/s with framing), total 6900000 packets with 10350000000 bytes (incl. CRC)
