[1;37m[INFO]  Initializing DPDK. This will take a few seconds...[0m
EAL: Probing VFIO support...
EAL: WARNING: cpu flags constant_tsc=yes nonstop_tsc=no -> using unreliable clock cycles !
EAL: PCI device 0000:00:03.0 on NUMA socket -1
EAL:   Invalid NUMA socket, default to 0
EAL:   probe driver: 1af4:1000 net_virtio
EAL: PCI device 0000:00:04.0 on NUMA socket -1
EAL:   Invalid NUMA socket, default to 0
EAL:   probe driver: 8086:154c net_i40e_vf
EAL: PCI device 0000:00:05.0 on NUMA socket -1
EAL:   Invalid NUMA socket, default to 0
EAL:   probe driver: 8086:154c net_i40e_vf
[1;37m[INFO]  Found 2 usable devices:[0m
   Device 0: 52:54:00:7E:BA:22 ([0;32mIntel Corporation XL710/X710 Virtual Function[0m)
   Device 1: 52:54:00:34:F7:C3 ([0;32mIntel Corporation XL710/X710 Virtual Function[0m)
[1;33m[WARN]  Failed to get firmware version: -95[0m
[1;33m[WARN]  Failed to get firmware version: -95[0m
[1;37m[INFO]  Waiting for devices to come up...[0m
[1;37m[INFO]  Device 1 (52:54:00:34:F7:C3) is up: 40000 MBit/s[0m
[1;37m[INFO]  Device 0 (52:54:00:7E:BA:22) is up: 40000 MBit/s[0m
[1;37m[INFO]  [0;32m2 devices are up.[0m[0m
[1;37m[INFO]  Trying to enable rx timestamping of all packets, this isn't supported by most nics[0m
[0;34m[Device: id=0] TX[0m: 1.0772 Mpps, 12925.94 Mbit/s (13098.29 Mbit/s with framing)
[1;36m[Device: id=1] RX[0m: 0.6090 Mpps, 7326.89 Mbit/s (7424.33 Mbit/s with framing)
[0;34m[Device: id=0] TX[0m: 1.1206 Mpps, 13447.44 Mbit/s (13626.74 Mbit/s with framing)
[1;36m[Device: id=1] RX[0m: 0.7080 Mpps, 8518.51 Mbit/s (8631.78 Mbit/s with framing)
[0;34m[Device: id=0] TX[0m: 1.1206 Mpps, 13447.67 Mbit/s (13626.97 Mbit/s with framing)
[1;36m[Device: id=1] RX[0m: 0.7275 Mpps, 8753.84 Mbit/s (8870.25 Mbit/s with framing)
[1;36m[Device: id=1] RX[0m: 0.7268 Mpps, 8744.32 Mbit/s (8860.60 Mbit/s with framing)
[0;34m[Device: id=0] TX[0m: 1.1206 Mpps, 13447.58 Mbit/s (13626.88 Mbit/s with framing)
[1;36m[Device: id=1] RX[0m: 0.7277 Mpps, 8755.32 Mbit/s (8871.75 Mbit/s with framing)
[0;34m[Device: id=0] TX[0m: 1.1206 Mpps, 13447.63 Mbit/s (13626.93 Mbit/s with framing)
[1;36m[Device: id=1] RX[0m: 0.7275 Mpps, 8753.62 Mbit/s (8870.02 Mbit/s with framing)
[0;34m[Device: id=0] TX[0m: 1.1206 Mpps, 13447.71 Mbit/s (13627.01 Mbit/s with framing)
[1;36m[Device: id=1] RX[0m: 0.7292 Mpps, 8774.29 Mbit/s (8890.97 Mbit/s with framing)
[0;34m[Device: id=0] TX[0m: 1.1206 Mpps, 13447.64 Mbit/s (13626.94 Mbit/s with framing)
21
[1;36m[Device: id=1] RX[0m: 0.3620 Mpps, 4355.45 Mbit/s (4413.37 Mbit/s with framing)
[0;34m[Device: id=0] TX[0m: 0.5442 Mpps, 6530.17 Mbit/s (6617.24 Mbit/s with framing)
8400000
[1;36m[Device: id=1] RX[0m: 0.6727 (StdDev 0.1372) Mpps, 8093.62 (StdDev 1651) Mbit/s (8201.25 Mbit/s with framing), total 5317714 packets with 7997841856 bytes (incl. CRC)
[0;34m[Device: id=0] TX[0m: 0.0000 Mpps, 0.00 Mbit/s (0.00 Mbit/s with framing)
[0;34m[Device: id=0] TX[0m: 0.9085 (StdDev 0.4189) Mpps, 10901.98 (StdDev 5026) Mbit/s (11047.34 Mbit/s with framing), total 8400000 packets with 12600000000 bytes (incl. CRC)
