[1;37m[INFO]  Initializing DPDK. This will take a few seconds...[0m
EAL: Probing VFIO support...
EAL: WARNING: cpu flags constant_tsc=yes nonstop_tsc=no -> using unreliable clock cycles !
EAL: PCI device 0000:00:03.0 on NUMA socket -1
EAL:   Invalid NUMA socket, default to 0
EAL:   probe driver: 1af4:1000 net_virtio
EAL: PCI device 0000:00:04.0 on NUMA socket -1
EAL:   Invalid NUMA socket, default to 0
EAL:   probe driver: 8086:154c net_i40e_vf
EAL: PCI device 0000:00:05.0 on NUMA socket -1
EAL:   Invalid NUMA socket, default to 0
EAL:   probe driver: 8086:154c net_i40e_vf
[1;37m[INFO]  Found 2 usable devices:[0m
   Device 0: 52:54:00:7E:BA:22 ([0;32mIntel Corporation XL710/X710 Virtual Function[0m)
   Device 1: 52:54:00:34:F7:C3 ([0;32mIntel Corporation XL710/X710 Virtual Function[0m)
[1;33m[WARN]  Failed to get firmware version: -95[0m
[1;33m[WARN]  Failed to get firmware version: -95[0m
[1;37m[INFO]  Waiting for devices to come up...[0m
[1;37m[INFO]  Device 1 (52:54:00:34:F7:C3) is up: 40000 MBit/s[0m
[1;37m[INFO]  Device 0 (52:54:00:7E:BA:22) is up: 40000 MBit/s[0m
[1;37m[INFO]  [0;32m2 devices are up.[0m[0m
[1;37m[INFO]  Trying to enable rx timestamping of all packets, this isn't supported by most nics[0m
[0;34m[Device: id=0] TX[0m: 0.2706 Mpps, 3247.06 Mbit/s (3290.35 Mbit/s with framing)
[1;36m[Device: id=1] RX[0m: 0.2676 Mpps, 3219.95 Mbit/s (3262.77 Mbit/s with framing)
[0;34m[Device: id=0] TX[0m: 0.2800 Mpps, 3360.23 Mbit/s (3405.04 Mbit/s with framing)
[1;36m[Device: id=1] RX[0m: 0.2742 Mpps, 3298.60 Mbit/s (3342.46 Mbit/s with framing)
[0;34m[Device: id=0] TX[0m: 0.2800 Mpps, 3360.28 Mbit/s (3405.08 Mbit/s with framing)
[1;36m[Device: id=1] RX[0m: 0.2800 Mpps, 3369.17 Mbit/s (3413.98 Mbit/s with framing)
[0;34m[Device: id=0] TX[0m: 0.2800 Mpps, 3360.17 Mbit/s (3404.97 Mbit/s with framing)
[1;36m[Device: id=1] RX[0m: 0.2800 Mpps, 3369.15 Mbit/s (3413.95 Mbit/s with framing)
[0;34m[Device: id=0] TX[0m: 0.2800 Mpps, 3360.24 Mbit/s (3405.04 Mbit/s with framing)
[1;36m[Device: id=1] RX[0m: 0.2800 Mpps, 3369.38 Mbit/s (3414.19 Mbit/s with framing)
[0;34m[Device: id=0] TX[0m: 0.2800 Mpps, 3360.25 Mbit/s (3405.06 Mbit/s with framing)
[1;36m[Device: id=1] RX[0m: 0.2800 Mpps, 3369.24 Mbit/s (3414.05 Mbit/s with framing)
[0;34m[Device: id=0] TX[0m: 0.2800 Mpps, 3360.25 Mbit/s (3405.06 Mbit/s with framing)
[1;36m[Device: id=1] RX[0m: 0.2800 Mpps, 3369.01 Mbit/s (3413.81 Mbit/s with framing)
21
[0;34m[Device: id=0] TX[0m: 0.1446 Mpps, 1735.77 Mbit/s (1758.91 Mbit/s with framing)
[1;36m[Device: id=1] RX[0m: 0.1373 Mpps, 1651.39 Mbit/s (1673.35 Mbit/s with framing)
[0;34m[Device: id=0] TX[0m: 0.0000 Mpps, 0.00 Mbit/s (0.00 Mbit/s with framing)
2100000
[1;36m[Device: id=1] RX[0m: 0.2588 (StdDev 0.0536) Mpps, 3113.71 (StdDev 645) Mbit/s (3155.11 Mbit/s with framing), total 2079185 packets with 3127094240 bytes (incl. CRC)
[0;34m[Device: id=0] TX[0m: 0.2281 (StdDev 0.1036) Mpps, 2737.15 (StdDev 1244) Mbit/s (2773.64 Mbit/s with framing), total 2100000 packets with 3150000000 bytes (incl. CRC)
