[1;37m[INFO]  Initializing DPDK. This will take a few seconds...[0m
EAL: Probing VFIO support...
EAL: WARNING: cpu flags constant_tsc=yes nonstop_tsc=no -> using unreliable clock cycles !
EAL: PCI device 0000:00:03.0 on NUMA socket -1
EAL:   Invalid NUMA socket, default to 0
EAL:   probe driver: 1af4:1000 net_virtio
EAL: PCI device 0000:00:04.0 on NUMA socket -1
EAL:   Invalid NUMA socket, default to 0
EAL:   probe driver: 8086:154c net_i40e_vf
EAL: PCI device 0000:00:05.0 on NUMA socket -1
EAL:   Invalid NUMA socket, default to 0
EAL:   probe driver: 8086:154c net_i40e_vf
[1;37m[INFO]  Found 2 usable devices:[0m
   Device 0: 52:54:00:7E:BA:22 ([0;32mIntel Corporation XL710/X710 Virtual Function[0m)
   Device 1: 52:54:00:34:F7:C3 ([0;32mIntel Corporation XL710/X710 Virtual Function[0m)
[1;33m[WARN]  Failed to get firmware version: -95[0m
[1;33m[WARN]  Failed to get firmware version: -95[0m
[1;37m[INFO]  Waiting for devices to come up...[0m
[1;37m[INFO]  Device 1 (52:54:00:34:F7:C3) is up: 40000 MBit/s[0m
[1;37m[INFO]  Device 0 (52:54:00:7E:BA:22) is up: 40000 MBit/s[0m
[1;37m[INFO]  [0;32m2 devices are up.[0m[0m
[1;37m[INFO]  Trying to enable rx timestamping of all packets, this isn't supported by most nics[0m
[1;36m[Device: id=1] RX[0m: 0.4103 Mpps, 223.21 Mbit/s (288.86 Mbit/s with framing)
[0;34m[Device: id=0] TX[0m: 0.4267 Mpps, 218.45 Mbit/s (286.72 Mbit/s with framing)
[0;34m[Device: id=0] TX[0m: 0.4401 Mpps, 225.32 Mbit/s (295.73 Mbit/s with framing)
[1;36m[Device: id=1] RX[0m: 0.4308 Mpps, 234.37 Mbit/s (303.31 Mbit/s with framing)
[0;34m[Device: id=0] TX[0m: 0.4401 Mpps, 225.32 Mbit/s (295.73 Mbit/s with framing)
[1;36m[Device: id=1] RX[0m: 0.4401 Mpps, 239.42 Mbit/s (309.84 Mbit/s with framing)
[0;34m[Device: id=0] TX[0m: 0.4401 Mpps, 225.31 Mbit/s (295.72 Mbit/s with framing)
[1;36m[Device: id=1] RX[0m: 0.4400 Mpps, 239.39 Mbit/s (309.79 Mbit/s with framing)
[0;34m[Device: id=0] TX[0m: 0.4401 Mpps, 225.31 Mbit/s (295.72 Mbit/s with framing)
[1;36m[Device: id=1] RX[0m: 0.4401 Mpps, 239.40 Mbit/s (309.81 Mbit/s with framing)
[0;34m[Device: id=0] TX[0m: 0.4401 Mpps, 225.32 Mbit/s (295.74 Mbit/s with framing)
[1;36m[Device: id=1] RX[0m: 0.4401 Mpps, 239.42 Mbit/s (309.83 Mbit/s with framing)
[0;34m[Device: id=0] TX[0m: 0.4401 Mpps, 225.32 Mbit/s (295.73 Mbit/s with framing)
[1;36m[Device: id=1] RX[0m: 0.4400 Mpps, 239.38 Mbit/s (309.79 Mbit/s with framing)
60
[0;34m[Device: id=0] TX[0m: 0.2241 Mpps, 114.76 Mbit/s (150.62 Mbit/s with framing)
[1;36m[Device: id=1] RX[0m: 0.2152 Mpps, 117.08 Mbit/s (151.51 Mbit/s with framing)
3300000
[1;36m[Device: id=1] RX[0m: 0.4066 (StdDev 0.0845) Mpps, 221.21 (StdDev 46) Mbit/s (286.27 Mbit/s with framing), total 3256807 packets with 221462876 bytes (incl. CRC)
[0;34m[Device: id=0] TX[0m: 0.0000 Mpps, 0.00 Mbit/s (0.00 Mbit/s with framing)
[0;34m[Device: id=0] TX[0m: 0.3581 (StdDev 0.1632) Mpps, 183.33 (StdDev 84) Mbit/s (240.63 Mbit/s with framing), total 3300000 packets with 211200000 bytes (incl. CRC)
