[1;37m[INFO]  Initializing DPDK. This will take a few seconds...[0m
EAL: Probing VFIO support...
EAL: WARNING: cpu flags constant_tsc=yes nonstop_tsc=no -> using unreliable clock cycles !
EAL: PCI device 0000:00:03.0 on NUMA socket -1
EAL:   Invalid NUMA socket, default to 0
EAL:   probe driver: 1af4:1000 net_virtio
EAL: PCI device 0000:00:04.0 on NUMA socket -1
EAL:   Invalid NUMA socket, default to 0
EAL:   probe driver: 8086:154c net_i40e_vf
EAL: PCI device 0000:00:05.0 on NUMA socket -1
EAL:   Invalid NUMA socket, default to 0
EAL:   probe driver: 8086:154c net_i40e_vf
[1;37m[INFO]  Found 2 usable devices:[0m
   Device 0: 52:54:00:7E:BA:22 ([0;32mIntel Corporation XL710/X710 Virtual Function[0m)
   Device 1: 52:54:00:34:F7:C3 ([0;32mIntel Corporation XL710/X710 Virtual Function[0m)
[1;33m[WARN]  Failed to get firmware version: -95[0m
[1;33m[WARN]  Failed to get firmware version: -95[0m
[1;37m[INFO]  Waiting for devices to come up...[0m
[1;37m[INFO]  Device 1 (52:54:00:34:F7:C3) is up: 40000 MBit/s[0m
[1;37m[INFO]  Device 0 (52:54:00:7E:BA:22) is up: 40000 MBit/s[0m
[1;37m[INFO]  [0;32m2 devices are up.[0m[0m
[1;37m[INFO]  Trying to enable rx timestamping of all packets, this isn't supported by most nics[0m
[0;34m[Device: id=0] TX[0m: 0.1923 Mpps, 98.45 Mbit/s (129.21 Mbit/s with framing)
[1;36m[Device: id=1] RX[0m: 0.1911 Mpps, 103.94 Mbit/s (134.52 Mbit/s with framing)
[0;34m[Device: id=0] TX[0m: 0.2000 Mpps, 102.41 Mbit/s (134.41 Mbit/s with framing)
[1;36m[Device: id=1] RX[0m: 0.1962 Mpps, 106.72 Mbit/s (138.10 Mbit/s with framing)
[0;34m[Device: id=0] TX[0m: 0.2000 Mpps, 102.40 Mbit/s (134.40 Mbit/s with framing)
[1;36m[Device: id=1] RX[0m: 0.2000 Mpps, 108.80 Mbit/s (140.79 Mbit/s with framing)
[0;34m[Device: id=0] TX[0m: 0.2000 Mpps, 102.40 Mbit/s (134.40 Mbit/s with framing)
[1;36m[Device: id=1] RX[0m: 0.2000 Mpps, 108.80 Mbit/s (140.80 Mbit/s with framing)
[0;34m[Device: id=0] TX[0m: 0.2000 Mpps, 102.40 Mbit/s (134.40 Mbit/s with framing)
[1;36m[Device: id=1] RX[0m: 0.2000 Mpps, 108.80 Mbit/s (140.80 Mbit/s with framing)
[0;34m[Device: id=0] TX[0m: 0.2000 Mpps, 102.40 Mbit/s (134.40 Mbit/s with framing)
[1;36m[Device: id=1] RX[0m: 0.2000 Mpps, 108.81 Mbit/s (140.81 Mbit/s with framing)
[0;34m[Device: id=0] TX[0m: 0.2000 Mpps, 102.40 Mbit/s (134.40 Mbit/s with framing)
[1;36m[Device: id=1] RX[0m: 0.2000 Mpps, 108.80 Mbit/s (140.80 Mbit/s with framing)
33
[0;34m[Device: id=0] TX[0m: 0.1014 Mpps, 51.90 Mbit/s (68.12 Mbit/s with framing)
[1;36m[Device: id=1] RX[0m: 0.0986 Mpps, 53.63 Mbit/s (69.41 Mbit/s with framing)
1500000
[1;36m[Device: id=1] RX[0m: 0.1850 (StdDev 0.0381) Mpps, 100.62 (StdDev 21) Mbit/s (130.22 Mbit/s with framing), total 1485886 packets with 101040248 bytes (incl. CRC)
[0;34m[Device: id=0] TX[0m: 0.0000 Mpps, 0.00 Mbit/s (0.00 Mbit/s with framing)
[0;34m[Device: id=0] TX[0m: 0.1627 (StdDev 0.0742) Mpps, 83.29 (StdDev 38) Mbit/s (109.32 Mbit/s with framing), total 1500000 packets with 96000000 bytes (incl. CRC)
