[1;37m[INFO]  Initializing DPDK. This will take a few seconds...[0m
EAL: Probing VFIO support...
EAL: WARNING: cpu flags constant_tsc=yes nonstop_tsc=no -> using unreliable clock cycles !
EAL: PCI device 0000:00:03.0 on NUMA socket -1
EAL:   Invalid NUMA socket, default to 0
EAL:   probe driver: 1af4:1000 net_virtio
EAL: PCI device 0000:00:04.0 on NUMA socket -1
EAL:   Invalid NUMA socket, default to 0
EAL:   probe driver: 8086:154c net_i40e_vf
EAL: PCI device 0000:00:05.0 on NUMA socket -1
EAL:   Invalid NUMA socket, default to 0
EAL:   probe driver: 8086:154c net_i40e_vf
[1;37m[INFO]  Found 2 usable devices:[0m
   Device 0: 52:54:00:7E:BA:22 ([0;32mIntel Corporation XL710/X710 Virtual Function[0m)
   Device 1: 52:54:00:34:F7:C3 ([0;32mIntel Corporation XL710/X710 Virtual Function[0m)
[1;33m[WARN]  Failed to get firmware version: -95[0m
[1;33m[WARN]  Failed to get firmware version: -95[0m
[1;37m[INFO]  Waiting for devices to come up...[0m
[1;37m[INFO]  Device 1 (52:54:00:34:F7:C3) is up: 40000 MBit/s[0m
[1;37m[INFO]  Device 0 (52:54:00:7E:BA:22) is up: 40000 MBit/s[0m
[1;37m[INFO]  [0;32m2 devices are up.[0m[0m
[1;37m[INFO]  Trying to enable rx timestamping of all packets, this isn't supported by most nics[0m
[0;34m[Device: id=0] TX[0m: 0.5397 Mpps, 276.34 Mbit/s (362.69 Mbit/s with framing)
[1;36m[Device: id=1] RX[0m: 0.5178 Mpps, 281.69 Mbit/s (364.54 Mbit/s with framing)
[0;34m[Device: id=0] TX[0m: 0.5601 Mpps, 286.79 Mbit/s (376.41 Mbit/s with framing)
[1;36m[Device: id=1] RX[0m: 0.5482 Mpps, 298.22 Mbit/s (385.94 Mbit/s with framing)
[0;34m[Device: id=0] TX[0m: 0.5601 Mpps, 286.79 Mbit/s (376.41 Mbit/s with framing)
[1;36m[Device: id=1] RX[0m: 0.5601 Mpps, 304.70 Mbit/s (394.31 Mbit/s with framing)
[0;34m[Device: id=0] TX[0m: 0.5601 Mpps, 286.79 Mbit/s (376.41 Mbit/s with framing)
[1;36m[Device: id=1] RX[0m: 0.5601 Mpps, 304.72 Mbit/s (394.34 Mbit/s with framing)
[0;34m[Device: id=0] TX[0m: 0.5601 Mpps, 286.79 Mbit/s (376.42 Mbit/s with framing)
[1;36m[Device: id=1] RX[0m: 0.5602 Mpps, 304.72 Mbit/s (394.35 Mbit/s with framing)
[0;34m[Device: id=0] TX[0m: 0.5601 Mpps, 286.78 Mbit/s (376.40 Mbit/s with framing)
[1;36m[Device: id=1] RX[0m: 0.5601 Mpps, 304.71 Mbit/s (394.33 Mbit/s with framing)
[0;34m[Device: id=0] TX[0m: 0.5601 Mpps, 286.79 Mbit/s (376.41 Mbit/s with framing)
[1;36m[Device: id=1] RX[0m: 0.5601 Mpps, 304.71 Mbit/s (394.33 Mbit/s with framing)
42
[0;34m[Device: id=0] TX[0m: 0.2784 Mpps, 142.52 Mbit/s (187.06 Mbit/s with framing)
[1;36m[Device: id=1] RX[0m: 0.2708 Mpps, 147.33 Mbit/s (190.67 Mbit/s with framing)
4200000
[1;36m[Device: id=1] RX[0m: 0.5171 (StdDev 0.1087) Mpps, 281.30 (StdDev 59) Mbit/s (364.04 Mbit/s with framing), total 4137534 packets with 281352312 bytes (incl. CRC)
[0;34m[Device: id=0] TX[0m: 0.0000 Mpps, 0.00 Mbit/s (0.00 Mbit/s with framing)
[0;34m[Device: id=0] TX[0m: 0.4549 (StdDev 0.2086) Mpps, 232.91 (StdDev 107) Mbit/s (305.69 Mbit/s with framing), total 4200000 packets with 268800000 bytes (incl. CRC)
