[1;37m[INFO]  Initializing DPDK. This will take a few seconds...[0m
EAL: Probing VFIO support...
EAL: WARNING: cpu flags constant_tsc=yes nonstop_tsc=no -> using unreliable clock cycles !
EAL: PCI device 0000:00:03.0 on NUMA socket -1
EAL:   Invalid NUMA socket, default to 0
EAL:   probe driver: 1af4:1000 net_virtio
EAL: PCI device 0000:00:04.0 on NUMA socket -1
EAL:   Invalid NUMA socket, default to 0
EAL:   probe driver: 8086:154c net_i40e_vf
EAL: PCI device 0000:00:05.0 on NUMA socket -1
EAL:   Invalid NUMA socket, default to 0
EAL:   probe driver: 8086:154c net_i40e_vf
[1;37m[INFO]  Found 2 usable devices:[0m
   Device 0: 52:54:00:7E:BA:22 ([0;32mIntel Corporation XL710/X710 Virtual Function[0m)
   Device 1: 52:54:00:34:F7:C3 ([0;32mIntel Corporation XL710/X710 Virtual Function[0m)
[1;33m[WARN]  Failed to get firmware version: -95[0m
[1;33m[WARN]  Failed to get firmware version: -95[0m
[1;37m[INFO]  Waiting for devices to come up...[0m
[1;37m[INFO]  Device 1 (52:54:00:34:F7:C3) is up: 40000 MBit/s[0m
[1;37m[INFO]  Device 0 (52:54:00:7E:BA:22) is up: 40000 MBit/s[0m
[1;37m[INFO]  [0;32m2 devices are up.[0m[0m
[1;37m[INFO]  Trying to enable rx timestamping of all packets, this isn't supported by most nics[0m
[0;34m[Device: id=0] TX[0m: 1.0066 Mpps, 12079.20 Mbit/s (12240.26 Mbit/s with framing)
[1;36m[Device: id=1] RX[0m: 0.6195 Mpps, 7453.63 Mbit/s (7552.75 Mbit/s with framing)
[0;34m[Device: id=0] TX[0m: 1.0405 Mpps, 12485.46 Mbit/s (12651.93 Mbit/s with framing)
[1;36m[Device: id=1] RX[0m: 0.7146 Mpps, 8597.90 Mbit/s (8712.23 Mbit/s with framing)
[0;34m[Device: id=0] TX[0m: 1.0404 Mpps, 12484.78 Mbit/s (12651.24 Mbit/s with framing)
[1;36m[Device: id=1] RX[0m: 0.7306 Mpps, 8790.96 Mbit/s (8907.86 Mbit/s with framing)
[0;34m[Device: id=0] TX[0m: 1.0403 Mpps, 12484.16 Mbit/s (12650.61 Mbit/s with framing)
[1;36m[Device: id=1] RX[0m: 0.7307 Mpps, 8791.90 Mbit/s (8908.81 Mbit/s with framing)
[0;34m[Device: id=0] TX[0m: 1.0404 Mpps, 12485.14 Mbit/s (12651.61 Mbit/s with framing)
[1;36m[Device: id=1] RX[0m: 0.7318 Mpps, 8804.96 Mbit/s (8922.05 Mbit/s with framing)
[0;34m[Device: id=0] TX[0m: 1.0404 Mpps, 12484.89 Mbit/s (12651.35 Mbit/s with framing)
[1;36m[Device: id=1] RX[0m: 0.7307 Mpps, 8791.78 Mbit/s (8908.69 Mbit/s with framing)
[0;34m[Device: id=0] TX[0m: 1.0404 Mpps, 12484.60 Mbit/s (12651.06 Mbit/s with framing)
[1;36m[Device: id=1] RX[0m: 0.7279 Mpps, 8757.77 Mbit/s (8874.23 Mbit/s with framing)
33
[0;34m[Device: id=0] TX[0m: 0.5282 Mpps, 6338.95 Mbit/s (6423.47 Mbit/s with framing)
[1;36m[Device: id=1] RX[0m: 0.3557 Mpps, 4279.33 Mbit/s (4336.24 Mbit/s with framing)
7800000
[1;36m[Device: id=1] RX[0m: 0.6746 (StdDev 0.1408) Mpps, 8116.37 (StdDev 1694) Mbit/s (8224.30 Mbit/s with framing), total 5341456 packets with 8033549824 bytes (incl. CRC)
[0;34m[Device: id=0] TX[0m: 0.0000 Mpps, 0.00 Mbit/s (0.00 Mbit/s with framing)
[0;34m[Device: id=0] TX[0m: 0.8463 (StdDev 0.3861) Mpps, 10156.00 (StdDev 4633) Mbit/s (10291.41 Mbit/s with framing), total 7800000 packets with 11700000000 bytes (incl. CRC)
