[1;37m[INFO]  Initializing DPDK. This will take a few seconds...[0m
EAL: Probing VFIO support...
EAL: WARNING: cpu flags constant_tsc=yes nonstop_tsc=no -> using unreliable clock cycles !
EAL: PCI device 0000:00:03.0 on NUMA socket -1
EAL:   Invalid NUMA socket, default to 0
EAL:   probe driver: 1af4:1000 net_virtio
EAL: PCI device 0000:00:04.0 on NUMA socket -1
EAL:   Invalid NUMA socket, default to 0
EAL:   probe driver: 8086:154c net_i40e_vf
EAL: PCI device 0000:00:05.0 on NUMA socket -1
EAL:   Invalid NUMA socket, default to 0
EAL:   probe driver: 8086:154c net_i40e_vf
[1;37m[INFO]  Found 2 usable devices:[0m
   Device 0: 52:54:00:7E:BA:22 ([0;32mIntel Corporation XL710/X710 Virtual Function[0m)
   Device 1: 52:54:00:34:F7:C3 ([0;32mIntel Corporation XL710/X710 Virtual Function[0m)
[1;33m[WARN]  Failed to get firmware version: -95[0m
[1;33m[WARN]  Failed to get firmware version: -95[0m
[1;37m[INFO]  Waiting for devices to come up...[0m
[1;37m[INFO]  Device 1 (52:54:00:34:F7:C3) is up: 40000 MBit/s[0m
[1;37m[INFO]  Device 0 (52:54:00:7E:BA:22) is up: 40000 MBit/s[0m
[1;37m[INFO]  [0;32m2 devices are up.[0m[0m
[1;37m[INFO]  Trying to enable rx timestamping of all packets, this isn't supported by most nics[0m
[1;36m[Device: id=1] RX[0m: 0.6349 Mpps, 345.38 Mbit/s (446.97 Mbit/s with framing)
[0;34m[Device: id=0] TX[0m: 1.0460 Mpps, 535.57 Mbit/s (702.94 Mbit/s with framing)
[0;34m[Device: id=0] TX[0m: 1.0807 Mpps, 553.33 Mbit/s (726.24 Mbit/s with framing)
[1;36m[Device: id=1] RX[0m: 0.7114 Mpps, 387.02 Mbit/s (500.85 Mbit/s with framing)
[0;34m[Device: id=0] TX[0m: 1.0807 Mpps, 553.32 Mbit/s (726.23 Mbit/s with framing)
[1;36m[Device: id=1] RX[0m: 0.7276 Mpps, 395.79 Mbit/s (512.20 Mbit/s with framing)
[0;34m[Device: id=0] TX[0m: 1.0807 Mpps, 553.34 Mbit/s (726.26 Mbit/s with framing)
[1;36m[Device: id=1] RX[0m: 0.7267 Mpps, 395.34 Mbit/s (511.62 Mbit/s with framing)
[0;34m[Device: id=0] TX[0m: 1.0807 Mpps, 553.34 Mbit/s (726.25 Mbit/s with framing)
[1;36m[Device: id=1] RX[0m: 0.7287 Mpps, 396.40 Mbit/s (512.99 Mbit/s with framing)
[0;34m[Device: id=0] TX[0m: 1.0807 Mpps, 553.34 Mbit/s (726.26 Mbit/s with framing)
[1;36m[Device: id=1] RX[0m: 0.7345 Mpps, 399.57 Mbit/s (517.09 Mbit/s with framing)
[0;34m[Device: id=0] TX[0m: 1.0807 Mpps, 553.33 Mbit/s (726.25 Mbit/s with framing)
[1;36m[Device: id=1] RX[0m: 0.7316 Mpps, 397.99 Mbit/s (515.05 Mbit/s with framing)
27
[0;34m[Device: id=0] TX[0m: 0.5537 Mpps, 283.50 Mbit/s (372.10 Mbit/s with framing)
[1;36m[Device: id=1] RX[0m: 0.3579 Mpps, 194.68 Mbit/s (251.94 Mbit/s with framing)
8100000
[1;36m[Device: id=1] RX[0m: 0.6741 (StdDev 0.1396) Mpps, 366.69 (StdDev 76) Mbit/s (474.53 Mbit/s with framing), total 5353319 packets with 364025692 bytes (incl. CRC)
[0;34m[Device: id=0] TX[0m: 0.0000 Mpps, 0.00 Mbit/s (0.00 Mbit/s with framing)
[0;34m[Device: id=0] TX[0m: 0.8798 (StdDev 0.4005) Mpps, 450.44 (StdDev 205) Mbit/s (591.20 Mbit/s with framing), total 8100000 packets with 518400000 bytes (incl. CRC)
