[1;37m[INFO]  Initializing DPDK. This will take a few seconds...[0m
EAL: Probing VFIO support...
EAL: WARNING: cpu flags constant_tsc=yes nonstop_tsc=no -> using unreliable clock cycles !
EAL: PCI device 0000:00:03.0 on NUMA socket -1
EAL:   Invalid NUMA socket, default to 0
EAL:   probe driver: 1af4:1000 net_virtio
EAL: PCI device 0000:00:04.0 on NUMA socket -1
EAL:   Invalid NUMA socket, default to 0
EAL:   probe driver: 8086:154c net_i40e_vf
EAL: PCI device 0000:00:05.0 on NUMA socket -1
EAL:   Invalid NUMA socket, default to 0
EAL:   probe driver: 8086:154c net_i40e_vf
[1;37m[INFO]  Found 2 usable devices:[0m
   Device 0: 52:54:00:7E:BA:22 ([0;32mIntel Corporation XL710/X710 Virtual Function[0m)
   Device 1: 52:54:00:34:F7:C3 ([0;32mIntel Corporation XL710/X710 Virtual Function[0m)
[1;33m[WARN]  Failed to get firmware version: -95[0m
[1;33m[WARN]  Failed to get firmware version: -95[0m
[1;37m[INFO]  Waiting for devices to come up...[0m
[1;37m[INFO]  Device 1 (52:54:00:34:F7:C3) is up: 40000 MBit/s[0m
[1;37m[INFO]  Device 0 (52:54:00:7E:BA:22) is up: 40000 MBit/s[0m
[1;37m[INFO]  [0;32m2 devices are up.[0m[0m
[1;37m[INFO]  Trying to enable rx timestamping of all packets, this isn't supported by most nics[0m
[0;34m[Device: id=0] TX[0m: 0.4150 Mpps, 4980.46 Mbit/s (5046.86 Mbit/s with framing)
[1;36m[Device: id=1] RX[0m: 0.4190 Mpps, 5041.24 Mbit/s (5108.28 Mbit/s with framing)
[0;34m[Device: id=0] TX[0m: 0.4401 Mpps, 5281.07 Mbit/s (5351.49 Mbit/s with framing)
[1;36m[Device: id=1] RX[0m: 0.4307 Mpps, 5182.70 Mbit/s (5251.62 Mbit/s with framing)
[0;34m[Device: id=0] TX[0m: 0.4400 Mpps, 5280.60 Mbit/s (5351.01 Mbit/s with framing)
[1;36m[Device: id=1] RX[0m: 0.4401 Mpps, 5295.27 Mbit/s (5365.68 Mbit/s with framing)
[0;34m[Device: id=0] TX[0m: 0.4401 Mpps, 5281.14 Mbit/s (5351.56 Mbit/s with framing)
[1;36m[Device: id=1] RX[0m: 0.4401 Mpps, 5294.94 Mbit/s (5365.35 Mbit/s with framing)
[0;34m[Device: id=0] TX[0m: 0.4401 Mpps, 5280.89 Mbit/s (5351.30 Mbit/s with framing)
[1;36m[Device: id=1] RX[0m: 0.4400 Mpps, 5294.55 Mbit/s (5364.95 Mbit/s with framing)
[0;34m[Device: id=0] TX[0m: 0.4401 Mpps, 5280.61 Mbit/s (5351.02 Mbit/s with framing)
[1;36m[Device: id=1] RX[0m: 0.4401 Mpps, 5295.21 Mbit/s (5365.63 Mbit/s with framing)
[0;34m[Device: id=0] TX[0m: 0.4401 Mpps, 5281.13 Mbit/s (5351.55 Mbit/s with framing)
[1;36m[Device: id=1] RX[0m: 0.4401 Mpps, 5294.93 Mbit/s (5365.34 Mbit/s with framing)
60
[0;34m[Device: id=0] TX[0m: 0.2326 Mpps, 2791.34 Mbit/s (2828.56 Mbit/s with framing)
[1;36m[Device: id=1] RX[0m: 0.2174 Mpps, 2616.30 Mbit/s (2651.10 Mbit/s with framing)
[0;34m[Device: id=0] TX[0m: 0.0000 Mpps, 0.00 Mbit/s (0.00 Mbit/s with framing)
3300000
[1;36m[Device: id=1] RX[0m: 0.4069 (StdDev 0.0836) Mpps, 4896.27 (StdDev 1006) Mbit/s (4961.38 Mbit/s with framing), total 3267609 packets with 4914483936 bytes (incl. CRC)
[0;34m[Device: id=0] TX[0m: 0.3591 (StdDev 0.1623) Mpps, 4309.60 (StdDev 1947) Mbit/s (4367.06 Mbit/s with framing), total 3300000 packets with 4950000000 bytes (incl. CRC)
