[1;37m[INFO]  Initializing DPDK. This will take a few seconds...[0m
EAL: Probing VFIO support...
EAL: WARNING: cpu flags constant_tsc=yes nonstop_tsc=no -> using unreliable clock cycles !
EAL: PCI device 0000:00:03.0 on NUMA socket -1
EAL:   Invalid NUMA socket, default to 0
EAL:   probe driver: 1af4:1000 net_virtio
EAL: PCI device 0000:00:04.0 on NUMA socket -1
EAL:   Invalid NUMA socket, default to 0
EAL:   probe driver: 8086:154c net_i40e_vf
EAL: PCI device 0000:00:05.0 on NUMA socket -1
EAL:   Invalid NUMA socket, default to 0
EAL:   probe driver: 8086:154c net_i40e_vf
[1;37m[INFO]  Found 2 usable devices:[0m
   Device 0: 52:54:00:7E:BA:22 ([0;32mIntel Corporation XL710/X710 Virtual Function[0m)
   Device 1: 52:54:00:34:F7:C3 ([0;32mIntel Corporation XL710/X710 Virtual Function[0m)
[1;33m[WARN]  Failed to get firmware version: -95[0m
[1;33m[WARN]  Failed to get firmware version: -95[0m
[1;37m[INFO]  Waiting for devices to come up...[0m
[1;37m[INFO]  Device 1 (52:54:00:34:F7:C3) is up: 40000 MBit/s[0m
[1;37m[INFO]  Device 0 (52:54:00:7E:BA:22) is up: 40000 MBit/s[0m
[1;37m[INFO]  [0;32m2 devices are up.[0m[0m
[1;37m[INFO]  Trying to enable rx timestamping of all packets, this isn't supported by most nics[0m
[0;34m[Device: id=0] TX[0m: 0.5033 Mpps, 6039.63 Mbit/s (6120.16 Mbit/s with framing)
[1;36m[Device: id=1] RX[0m: 0.4800 Mpps, 5774.83 Mbit/s (5851.62 Mbit/s with framing)
[0;34m[Device: id=0] TX[0m: 0.5200 Mpps, 6240.39 Mbit/s (6323.60 Mbit/s with framing)
[1;36m[Device: id=1] RX[0m: 0.5093 Mpps, 6127.44 Mbit/s (6208.92 Mbit/s with framing)
[0;34m[Device: id=0] TX[0m: 0.5200 Mpps, 6240.42 Mbit/s (6323.63 Mbit/s with framing)
[1;36m[Device: id=1] RX[0m: 0.5201 Mpps, 6257.28 Mbit/s (6340.49 Mbit/s with framing)
[0;34m[Device: id=0] TX[0m: 0.5200 Mpps, 6240.53 Mbit/s (6323.73 Mbit/s with framing)
[1;36m[Device: id=1] RX[0m: 0.5200 Mpps, 6256.91 Mbit/s (6340.11 Mbit/s with framing)
[0;34m[Device: id=0] TX[0m: 0.5200 Mpps, 6240.32 Mbit/s (6323.52 Mbit/s with framing)
[1;36m[Device: id=1] RX[0m: 0.5200 Mpps, 6257.07 Mbit/s (6340.28 Mbit/s with framing)
[1;36m[Device: id=1] RX[0m: 0.5200 Mpps, 6257.14 Mbit/s (6340.34 Mbit/s with framing)
[0;34m[Device: id=0] TX[0m: 0.5200 Mpps, 6240.41 Mbit/s (6323.61 Mbit/s with framing)
[1;36m[Device: id=1] RX[0m: 0.5200 Mpps, 6256.86 Mbit/s (6340.06 Mbit/s with framing)
[0;34m[Device: id=0] TX[0m: 0.5200 Mpps, 6240.43 Mbit/s (6323.64 Mbit/s with framing)
48
[1;36m[Device: id=1] RX[0m: 0.2514 Mpps, 3025.37 Mbit/s (3065.60 Mbit/s with framing)
[0;34m[Device: id=0] TX[0m: 0.2499 Mpps, 2999.00 Mbit/s (3038.98 Mbit/s with framing)
3900000
[1;36m[Device: id=1] RX[0m: 0.4801 (StdDev 0.1009) Mpps, 5776.87 (StdDev 1214) Mbit/s (5853.69 Mbit/s with framing), total 3840865 packets with 5776660960 bytes (incl. CRC)
[0;34m[Device: id=0] TX[0m: 0.0000 Mpps, 0.00 Mbit/s (0.00 Mbit/s with framing)
[0;34m[Device: id=0] TX[0m: 0.4213 (StdDev 0.1947) Mpps, 5055.19 (StdDev 2336) Mbit/s (5122.59 Mbit/s with framing), total 3900000 packets with 5850000000 bytes (incl. CRC)
