[1;37m[INFO]  Initializing DPDK. This will take a few seconds...[0m
EAL: Probing VFIO support...
EAL: WARNING: cpu flags constant_tsc=yes nonstop_tsc=no -> using unreliable clock cycles !
EAL: PCI device 0000:00:03.0 on NUMA socket -1
EAL:   Invalid NUMA socket, default to 0
EAL:   probe driver: 1af4:1000 net_virtio
EAL: PCI device 0000:00:04.0 on NUMA socket -1
EAL:   Invalid NUMA socket, default to 0
EAL:   probe driver: 8086:154c net_i40e_vf
EAL: PCI device 0000:00:05.0 on NUMA socket -1
EAL:   Invalid NUMA socket, default to 0
EAL:   probe driver: 8086:154c net_i40e_vf
[1;37m[INFO]  Found 2 usable devices:[0m
   Device 0: 52:54:00:7E:BA:22 ([0;32mIntel Corporation XL710/X710 Virtual Function[0m)
   Device 1: 52:54:00:34:F7:C3 ([0;32mIntel Corporation XL710/X710 Virtual Function[0m)
[1;33m[WARN]  Failed to get firmware version: -95[0m
[1;33m[WARN]  Failed to get firmware version: -95[0m
[1;37m[INFO]  Waiting for devices to come up...[0m
[1;37m[INFO]  Device 1 (52:54:00:34:F7:C3) is up: 40000 MBit/s[0m
[1;37m[INFO]  Device 0 (52:54:00:7E:BA:22) is up: 40000 MBit/s[0m
[1;37m[INFO]  [0;32m2 devices are up.[0m[0m
[1;37m[INFO]  Trying to enable rx timestamping of all packets, this isn't supported by most nics[0m
[1;36m[Device: id=1] RX[0m: 0.0760 Mpps, 41.36 Mbit/s (53.53 Mbit/s with framing)
[0;34m[Device: id=0] TX[0m: 0.0778 Mpps, 39.85 Mbit/s (52.31 Mbit/s with framing)
[1;36m[Device: id=1] RX[0m: 0.0777 Mpps, 42.27 Mbit/s (54.70 Mbit/s with framing)
[0;34m[Device: id=0] TX[0m: 0.0800 Mpps, 40.96 Mbit/s (53.76 Mbit/s with framing)
[1;36m[Device: id=1] RX[0m: 0.0800 Mpps, 43.52 Mbit/s (56.32 Mbit/s with framing)
[0;34m[Device: id=0] TX[0m: 0.0800 Mpps, 40.96 Mbit/s (53.76 Mbit/s with framing)
[1;36m[Device: id=1] RX[0m: 0.0800 Mpps, 43.52 Mbit/s (56.32 Mbit/s with framing)
[0;34m[Device: id=0] TX[0m: 0.0800 Mpps, 40.96 Mbit/s (53.76 Mbit/s with framing)
[1;36m[Device: id=1] RX[0m: 0.0800 Mpps, 43.52 Mbit/s (56.32 Mbit/s with framing)
[0;34m[Device: id=0] TX[0m: 0.0800 Mpps, 40.96 Mbit/s (53.76 Mbit/s with framing)
[1;36m[Device: id=1] RX[0m: 0.0800 Mpps, 43.52 Mbit/s (56.32 Mbit/s with framing)
[0;34m[Device: id=0] TX[0m: 0.0800 Mpps, 40.96 Mbit/s (53.76 Mbit/s with framing)
[1;36m[Device: id=1] RX[0m: 0.0800 Mpps, 43.52 Mbit/s (56.32 Mbit/s with framing)
[0;34m[Device: id=0] TX[0m: 0.0800 Mpps, 40.96 Mbit/s (53.76 Mbit/s with framing)
51
[1;36m[Device: id=1] RX[0m: 0.0412 Mpps, 22.40 Mbit/s (28.99 Mbit/s with framing)
[0;34m[Device: id=0] TX[0m: 0.0378 Mpps, 19.37 Mbit/s (25.42 Mbit/s with framing)
[1;36m[Device: id=1] RX[0m: 0.0000 Mpps, 0.00 Mbit/s (0.00 Mbit/s with framing)
600000
[1;36m[Device: id=1] RX[0m: 0.0649 (StdDev 0.0295) Mpps, 35.29 (StdDev 16) Mbit/s (45.66 Mbit/s with framing), total 594938 packets with 40455784 bytes (incl. CRC)
[0;34m[Device: id=0] TX[0m: 0.0000 Mpps, 0.00 Mbit/s (0.00 Mbit/s with framing)
[0;34m[Device: id=0] TX[0m: 0.0647 (StdDev 0.0300) Mpps, 33.14 (StdDev 15) Mbit/s (43.50 Mbit/s with framing), total 600000 packets with 38400000 bytes (incl. CRC)
