[1;37m[INFO]  Initializing DPDK. This will take a few seconds...[0m
EAL: Probing VFIO support...
EAL: WARNING: cpu flags constant_tsc=yes nonstop_tsc=no -> using unreliable clock cycles !
EAL: PCI device 0000:00:03.0 on NUMA socket -1
EAL:   Invalid NUMA socket, default to 0
EAL:   probe driver: 1af4:1000 net_virtio
EAL: PCI device 0000:00:04.0 on NUMA socket -1
EAL:   Invalid NUMA socket, default to 0
EAL:   probe driver: 8086:154c net_i40e_vf
EAL: PCI device 0000:00:05.0 on NUMA socket -1
EAL:   Invalid NUMA socket, default to 0
EAL:   probe driver: 8086:154c net_i40e_vf
[1;37m[INFO]  Found 2 usable devices:[0m
   Device 0: 52:54:00:7E:BA:22 ([0;32mIntel Corporation XL710/X710 Virtual Function[0m)
   Device 1: 52:54:00:34:F7:C3 ([0;32mIntel Corporation XL710/X710 Virtual Function[0m)
[1;33m[WARN]  Failed to get firmware version: -95[0m
[1;33m[WARN]  Failed to get firmware version: -95[0m
[1;37m[INFO]  Waiting for devices to come up...[0m
[1;37m[INFO]  Device 1 (52:54:00:34:F7:C3) is up: 40000 MBit/s[0m
[1;37m[INFO]  Device 0 (52:54:00:7E:BA:22) is up: 40000 MBit/s[0m
[1;37m[INFO]  [0;32m2 devices are up.[0m[0m
[1;37m[INFO]  Trying to enable rx timestamping of all packets, this isn't supported by most nics[0m
[1;36m[Device: id=1] RX[0m: 0.0387 Mpps, 465.09 Mbit/s (471.27 Mbit/s with framing)
[0;34m[Device: id=0] TX[0m: 0.0383 Mpps, 459.59 Mbit/s (465.72 Mbit/s with framing)
[0;34m[Device: id=0] TX[0m: 0.0400 Mpps, 479.99 Mbit/s (486.39 Mbit/s with framing)
[1;36m[Device: id=1] RX[0m: 0.0396 Mpps, 476.56 Mbit/s (482.90 Mbit/s with framing)
[0;34m[Device: id=0] TX[0m: 0.0400 Mpps, 480.03 Mbit/s (486.43 Mbit/s with framing)
[1;36m[Device: id=1] RX[0m: 0.0400 Mpps, 481.28 Mbit/s (487.67 Mbit/s with framing)
[0;34m[Device: id=0] TX[0m: 0.0400 Mpps, 480.00 Mbit/s (486.40 Mbit/s with framing)
[1;36m[Device: id=1] RX[0m: 0.0400 Mpps, 481.29 Mbit/s (487.69 Mbit/s with framing)
[0;34m[Device: id=0] TX[0m: 0.0400 Mpps, 479.99 Mbit/s (486.39 Mbit/s with framing)
[1;36m[Device: id=1] RX[0m: 0.0400 Mpps, 481.28 Mbit/s (487.68 Mbit/s with framing)
[0;34m[Device: id=0] TX[0m: 0.0400 Mpps, 480.00 Mbit/s (486.40 Mbit/s with framing)
[1;36m[Device: id=1] RX[0m: 0.0400 Mpps, 481.28 Mbit/s (487.68 Mbit/s with framing)
[0;34m[Device: id=0] TX[0m: 0.0400 Mpps, 480.00 Mbit/s (486.40 Mbit/s with framing)
[1;36m[Device: id=1] RX[0m: 0.0400 Mpps, 481.28 Mbit/s (487.68 Mbit/s with framing)
57
[0;34m[Device: id=0] TX[0m: 0.0205 Mpps, 245.58 Mbit/s (248.86 Mbit/s with framing)
[1;36m[Device: id=1] RX[0m: 0.0199 Mpps, 239.47 Mbit/s (242.65 Mbit/s with framing)
300000
[1;36m[Device: id=1] RX[0m: 0.0371 (StdDev 0.0076) Mpps, 446.06 (StdDev 91) Mbit/s (451.99 Mbit/s with framing), total 298183 packets with 448467232 bytes (incl. CRC)
[0;34m[Device: id=0] TX[0m: 0.0000 Mpps, 0.00 Mbit/s (0.00 Mbit/s with framing)
[0;34m[Device: id=0] TX[0m: 0.0326 (StdDev 0.0148) Mpps, 390.70 (StdDev 178) Mbit/s (395.91 Mbit/s with framing), total 300000 packets with 450000000 bytes (incl. CRC)
