[1;37m[INFO]  Initializing DPDK. This will take a few seconds...[0m
EAL: Probing VFIO support...
EAL: WARNING: cpu flags constant_tsc=yes nonstop_tsc=no -> using unreliable clock cycles !
EAL: PCI device 0000:00:03.0 on NUMA socket -1
EAL:   Invalid NUMA socket, default to 0
EAL:   probe driver: 1af4:1000 net_virtio
EAL: PCI device 0000:00:04.0 on NUMA socket -1
EAL:   Invalid NUMA socket, default to 0
EAL:   probe driver: 8086:154c net_i40e_vf
EAL: PCI device 0000:00:05.0 on NUMA socket -1
EAL:   Invalid NUMA socket, default to 0
EAL:   probe driver: 8086:154c net_i40e_vf
[1;37m[INFO]  Found 2 usable devices:[0m
   Device 0: 52:54:00:7E:BA:22 ([0;32mIntel Corporation XL710/X710 Virtual Function[0m)
   Device 1: 52:54:00:34:F7:C3 ([0;32mIntel Corporation XL710/X710 Virtual Function[0m)
[1;33m[WARN]  Failed to get firmware version: -95[0m
[1;33m[WARN]  Failed to get firmware version: -95[0m
[1;37m[INFO]  Waiting for devices to come up...[0m
[1;37m[INFO]  Device 1 (52:54:00:34:F7:C3) is up: 40000 MBit/s[0m
[1;37m[INFO]  Device 0 (52:54:00:7E:BA:22) is up: 40000 MBit/s[0m
[1;37m[INFO]  [0;32m2 devices are up.[0m[0m
[1;37m[INFO]  Trying to enable rx timestamping of all packets, this isn't supported by most nics[0m
[0;34m[Device: id=0] TX[0m: 0.1159 Mpps, 59.35 Mbit/s (77.89 Mbit/s with framing)
[1;36m[Device: id=1] RX[0m: 0.1148 Mpps, 62.43 Mbit/s (80.80 Mbit/s with framing)
[0;34m[Device: id=0] TX[0m: 0.1200 Mpps, 61.45 Mbit/s (80.65 Mbit/s with framing)
[1;36m[Device: id=1] RX[0m: 0.1178 Mpps, 64.11 Mbit/s (82.96 Mbit/s with framing)
[0;34m[Device: id=0] TX[0m: 0.1200 Mpps, 61.44 Mbit/s (80.64 Mbit/s with framing)
[1;36m[Device: id=1] RX[0m: 0.1200 Mpps, 65.28 Mbit/s (84.49 Mbit/s with framing)
[0;34m[Device: id=0] TX[0m: 0.1200 Mpps, 61.44 Mbit/s (80.64 Mbit/s with framing)
[1;36m[Device: id=1] RX[0m: 0.1200 Mpps, 65.28 Mbit/s (84.48 Mbit/s with framing)
[0;34m[Device: id=0] TX[0m: 0.1200 Mpps, 61.44 Mbit/s (80.64 Mbit/s with framing)
[1;36m[Device: id=1] RX[0m: 0.1200 Mpps, 65.28 Mbit/s (84.48 Mbit/s with framing)
[0;34m[Device: id=0] TX[0m: 0.1200 Mpps, 61.44 Mbit/s (80.64 Mbit/s with framing)
[1;36m[Device: id=1] RX[0m: 0.1200 Mpps, 65.28 Mbit/s (84.48 Mbit/s with framing)
[0;34m[Device: id=0] TX[0m: 0.1200 Mpps, 61.44 Mbit/s (80.64 Mbit/s with framing)
[1;36m[Device: id=1] RX[0m: 0.1200 Mpps, 65.28 Mbit/s (84.48 Mbit/s with framing)
45
[0;34m[Device: id=0] TX[0m: 0.0614 Mpps, 31.45 Mbit/s (41.28 Mbit/s with framing)
[1;36m[Device: id=1] RX[0m: 0.0579 Mpps, 31.52 Mbit/s (40.80 Mbit/s with framing)
900000
[1;36m[Device: id=1] RX[0m: 0.1108 (StdDev 0.0233) Mpps, 60.29 (StdDev 13) Mbit/s (78.03 Mbit/s with framing), total 890608 packets with 60561344 bytes (incl. CRC)
[0;34m[Device: id=0] TX[0m: 0.0000 Mpps, 0.00 Mbit/s (0.00 Mbit/s with framing)
[0;34m[Device: id=0] TX[0m: 0.0977 (StdDev 0.0445) Mpps, 50.01 (StdDev 23) Mbit/s (65.64 Mbit/s with framing), total 900000 packets with 57600000 bytes (incl. CRC)
