[1;37m[INFO]  Initializing DPDK. This will take a few seconds...[0m
EAL: Probing VFIO support...
EAL: WARNING: cpu flags constant_tsc=yes nonstop_tsc=no -> using unreliable clock cycles !
EAL: PCI device 0000:00:03.0 on NUMA socket -1
EAL:   Invalid NUMA socket, default to 0
EAL:   probe driver: 1af4:1000 net_virtio
EAL: PCI device 0000:00:04.0 on NUMA socket -1
EAL:   Invalid NUMA socket, default to 0
EAL:   probe driver: 8086:154c net_i40e_vf
EAL: PCI device 0000:00:05.0 on NUMA socket -1
EAL:   Invalid NUMA socket, default to 0
EAL:   probe driver: 8086:154c net_i40e_vf
[1;37m[INFO]  Found 2 usable devices:[0m
   Device 0: 52:54:00:7E:BA:22 ([0;32mIntel Corporation XL710/X710 Virtual Function[0m)
   Device 1: 52:54:00:34:F7:C3 ([0;32mIntel Corporation XL710/X710 Virtual Function[0m)
[1;33m[WARN]  Failed to get firmware version: -95[0m
[1;33m[WARN]  Failed to get firmware version: -95[0m
[1;37m[INFO]  Waiting for devices to come up...[0m
[1;37m[INFO]  Device 1 (52:54:00:34:F7:C3) is up: 40000 MBit/s[0m
[1;37m[INFO]  Device 0 (52:54:00:7E:BA:22) is up: 40000 MBit/s[0m
[1;37m[INFO]  [0;32m2 devices are up.[0m[0m
[1;37m[INFO]  Trying to enable rx timestamping of all packets, this isn't supported by most nics[0m
[0;34m[Device: id=0] TX[0m: 0.9285 Mpps, 475.40 Mbit/s (623.96 Mbit/s with framing)
[1;36m[Device: id=1] RX[0m: 0.6305 Mpps, 342.97 Mbit/s (443.84 Mbit/s with framing)
[0;34m[Device: id=0] TX[0m: 0.9605 Mpps, 491.75 Mbit/s (645.43 Mbit/s with framing)
[1;36m[Device: id=1] RX[0m: 0.7144 Mpps, 388.63 Mbit/s (502.93 Mbit/s with framing)
[0;34m[Device: id=0] TX[0m: 0.9604 Mpps, 491.75 Mbit/s (645.42 Mbit/s with framing)
[1;36m[Device: id=1] RX[0m: 0.7311 Mpps, 397.70 Mbit/s (514.67 Mbit/s with framing)
[0;34m[Device: id=0] TX[0m: 0.9605 Mpps, 491.75 Mbit/s (645.42 Mbit/s with framing)
[1;36m[Device: id=1] RX[0m: 0.7319 Mpps, 398.18 Mbit/s (515.29 Mbit/s with framing)
[0;34m[Device: id=0] TX[0m: 0.9605 Mpps, 491.75 Mbit/s (645.42 Mbit/s with framing)
[1;36m[Device: id=1] RX[0m: 0.7352 Mpps, 399.96 Mbit/s (517.60 Mbit/s with framing)
[0;34m[Device: id=0] TX[0m: 0.9605 Mpps, 491.76 Mbit/s (645.43 Mbit/s with framing)
[1;36m[Device: id=1] RX[0m: 0.7362 Mpps, 400.52 Mbit/s (518.32 Mbit/s with framing)
[0;34m[Device: id=0] TX[0m: 0.9604 Mpps, 491.75 Mbit/s (645.42 Mbit/s with framing)
[1;36m[Device: id=1] RX[0m: 0.7360 Mpps, 400.40 Mbit/s (518.16 Mbit/s with framing)
45
[0;34m[Device: id=0] TX[0m: 0.4840 Mpps, 247.79 Mbit/s (325.23 Mbit/s with framing)
[1;36m[Device: id=1] RX[0m: 0.3572 Mpps, 194.31 Mbit/s (251.45 Mbit/s with framing)
7200000
[1;36m[Device: id=1] RX[0m: 0.6774 (StdDev 0.1414) Mpps, 368.53 (StdDev 77) Mbit/s (476.92 Mbit/s with framing), total 5372579 packets with 365335372 bytes (incl. CRC)
[0;34m[Device: id=0] TX[0m: 0.0000 Mpps, 0.00 Mbit/s (0.00 Mbit/s with framing)
[0;34m[Device: id=0] TX[0m: 0.7808 (StdDev 0.3569) Mpps, 399.79 (StdDev 183) Mbit/s (524.72 Mbit/s with framing), total 7200000 packets with 460800000 bytes (incl. CRC)
