[1;37m[INFO]  Initializing DPDK. This will take a few seconds...[0m
EAL: Probing VFIO support...
EAL: WARNING: cpu flags constant_tsc=yes nonstop_tsc=no -> using unreliable clock cycles !
EAL: PCI device 0000:00:03.0 on NUMA socket -1
EAL:   Invalid NUMA socket, default to 0
EAL:   probe driver: 1af4:1000 net_virtio
EAL: PCI device 0000:00:04.0 on NUMA socket -1
EAL:   Invalid NUMA socket, default to 0
EAL:   probe driver: 8086:154c net_i40e_vf
EAL: PCI device 0000:00:05.0 on NUMA socket -1
EAL:   Invalid NUMA socket, default to 0
EAL:   probe driver: 8086:154c net_i40e_vf
[1;37m[INFO]  Found 2 usable devices:[0m
   Device 0: 52:54:00:7E:BA:22 ([0;32mIntel Corporation XL710/X710 Virtual Function[0m)
   Device 1: 52:54:00:34:F7:C3 ([0;32mIntel Corporation XL710/X710 Virtual Function[0m)
[1;33m[WARN]  Failed to get firmware version: -95[0m
[1;33m[WARN]  Failed to get firmware version: -95[0m
[1;37m[INFO]  Waiting for devices to come up...[0m
[1;37m[INFO]  Device 1 (52:54:00:34:F7:C3) is up: 40000 MBit/s[0m
[1;37m[INFO]  Device 0 (52:54:00:7E:BA:22) is up: 40000 MBit/s[0m
[1;37m[INFO]  [0;32m2 devices are up.[0m[0m
[1;37m[INFO]  Trying to enable rx timestamping of all packets, this isn't supported by most nics[0m
[1;36m[Device: id=1] RX[0m: 0.2325 Mpps, 126.47 Mbit/s (163.67 Mbit/s with framing)
[0;34m[Device: id=0] TX[0m: 0.2372 Mpps, 121.43 Mbit/s (159.38 Mbit/s with framing)
[0;34m[Device: id=0] TX[0m: 0.2400 Mpps, 122.88 Mbit/s (161.28 Mbit/s with framing)
[1;36m[Device: id=1] RX[0m: 0.2353 Mpps, 128.02 Mbit/s (165.67 Mbit/s with framing)
[0;34m[Device: id=0] TX[0m: 0.2400 Mpps, 122.89 Mbit/s (161.29 Mbit/s with framing)
[1;36m[Device: id=1] RX[0m: 0.2400 Mpps, 130.57 Mbit/s (168.97 Mbit/s with framing)
[0;34m[Device: id=0] TX[0m: 0.2400 Mpps, 122.89 Mbit/s (161.29 Mbit/s with framing)
[1;36m[Device: id=1] RX[0m: 0.2400 Mpps, 130.57 Mbit/s (168.97 Mbit/s with framing)
[1;36m[Device: id=1] RX[0m: 0.2400 Mpps, 130.57 Mbit/s (168.97 Mbit/s with framing)
[0;34m[Device: id=0] TX[0m: 0.2400 Mpps, 122.89 Mbit/s (161.29 Mbit/s with framing)
[1;36m[Device: id=1] RX[0m: 0.2400 Mpps, 130.57 Mbit/s (168.97 Mbit/s with framing)
[0;34m[Device: id=0] TX[0m: 0.2400 Mpps, 122.89 Mbit/s (161.29 Mbit/s with framing)
[1;36m[Device: id=1] RX[0m: 0.2400 Mpps, 130.57 Mbit/s (168.97 Mbit/s with framing)
[0;34m[Device: id=0] TX[0m: 0.2400 Mpps, 122.89 Mbit/s (161.29 Mbit/s with framing)
27
[1;36m[Device: id=1] RX[0m: 0.1165 Mpps, 63.40 Mbit/s (82.05 Mbit/s with framing)
[0;34m[Device: id=0] TX[0m: 0.1166 Mpps, 59.70 Mbit/s (78.36 Mbit/s with framing)
1800000
[1;36m[Device: id=1] RX[0m: 0.2217 (StdDev 0.0464) Mpps, 120.61 (StdDev 25) Mbit/s (156.08 Mbit/s with framing), total 1784465 packets with 121343620 bytes (incl. CRC)
[0;34m[Device: id=0] TX[0m: 0.0000 Mpps, 0.00 Mbit/s (0.00 Mbit/s with framing)
[0;34m[Device: id=0] TX[0m: 0.1946 (StdDev 0.0897) Mpps, 99.63 (StdDev 46) Mbit/s (130.76 Mbit/s with framing), total 1800000 packets with 115200000 bytes (incl. CRC)
