[1;37m[INFO]  Initializing DPDK. This will take a few seconds...[0m
EAL: Probing VFIO support...
EAL: WARNING: cpu flags constant_tsc=yes nonstop_tsc=no -> using unreliable clock cycles !
EAL: PCI device 0000:00:03.0 on NUMA socket -1
EAL:   Invalid NUMA socket, default to 0
EAL:   probe driver: 1af4:1000 net_virtio
EAL: PCI device 0000:00:04.0 on NUMA socket -1
EAL:   Invalid NUMA socket, default to 0
EAL:   probe driver: 8086:154c net_i40e_vf
EAL: PCI device 0000:00:05.0 on NUMA socket -1
EAL:   Invalid NUMA socket, default to 0
EAL:   probe driver: 8086:154c net_i40e_vf
[1;37m[INFO]  Found 2 usable devices:[0m
   Device 0: 52:54:00:7E:BA:22 ([0;32mIntel Corporation XL710/X710 Virtual Function[0m)
   Device 1: 52:54:00:34:F7:C3 ([0;32mIntel Corporation XL710/X710 Virtual Function[0m)
[1;33m[WARN]  Failed to get firmware version: -95[0m
[1;33m[WARN]  Failed to get firmware version: -95[0m
[1;37m[INFO]  Waiting for devices to come up...[0m
[1;37m[INFO]  Device 1 (52:54:00:34:F7:C3) is up: 40000 MBit/s[0m
[1;37m[INFO]  Device 0 (52:54:00:7E:BA:22) is up: 40000 MBit/s[0m
[1;37m[INFO]  [0;32m2 devices are up.[0m[0m
[1;37m[INFO]  Trying to enable rx timestamping of all packets, this isn't supported by most nics[0m
[1;36m[Device: id=1] RX[0m: 0.2961 Mpps, 3562.42 Mbit/s (3609.79 Mbit/s with framing)
[0;34m[Device: id=0] TX[0m: 0.3014 Mpps, 3616.96 Mbit/s (3665.19 Mbit/s with framing)
[0;34m[Device: id=0] TX[0m: 0.3200 Mpps, 3840.41 Mbit/s (3891.61 Mbit/s with framing)
[1;36m[Device: id=1] RX[0m: 0.3133 Mpps, 3769.96 Mbit/s (3820.09 Mbit/s with framing)
[0;34m[Device: id=0] TX[0m: 0.3200 Mpps, 3840.35 Mbit/s (3891.55 Mbit/s with framing)
[1;36m[Device: id=1] RX[0m: 0.3200 Mpps, 3850.42 Mbit/s (3901.63 Mbit/s with framing)
[0;34m[Device: id=0] TX[0m: 0.3200 Mpps, 3840.37 Mbit/s (3891.57 Mbit/s with framing)
[1;36m[Device: id=1] RX[0m: 0.3200 Mpps, 3850.64 Mbit/s (3901.85 Mbit/s with framing)
[0;34m[Device: id=0] TX[0m: 0.3200 Mpps, 3840.39 Mbit/s (3891.59 Mbit/s with framing)
[1;36m[Device: id=1] RX[0m: 0.3200 Mpps, 3850.63 Mbit/s (3901.83 Mbit/s with framing)
[0;34m[Device: id=0] TX[0m: 0.3200 Mpps, 3840.35 Mbit/s (3891.55 Mbit/s with framing)
[1;36m[Device: id=1] RX[0m: 0.3200 Mpps, 3850.69 Mbit/s (3901.89 Mbit/s with framing)
[0;34m[Device: id=0] TX[0m: 0.3200 Mpps, 3840.40 Mbit/s (3891.61 Mbit/s with framing)
[1;36m[Device: id=1] RX[0m: 0.3200 Mpps, 3850.84 Mbit/s (3902.05 Mbit/s with framing)
15
[0;34m[Device: id=0] TX[0m: 0.1720 Mpps, 2063.70 Mbit/s (2091.21 Mbit/s with framing)
[1;36m[Device: id=1] RX[0m: 0.1660 Mpps, 1997.02 Mbit/s (2023.58 Mbit/s with framing)
[0;34m[Device: id=0] TX[0m: 0.0000 Mpps, 0.00 Mbit/s (0.00 Mbit/s with framing)
[1;36m[Device: id=1] RX[0m: 0.0000 Mpps, 0.00 Mbit/s (0.00 Mbit/s with framing)
2400000
[1;36m[Device: id=1] RX[0m: 0.2599 (StdDev 0.1179) Mpps, 3127.53 (StdDev 1419) Mbit/s (3169.12 Mbit/s with framing), total 2375598 packets with 3572899392 bytes (incl. CRC)
[0;34m[Device: id=0] TX[0m: 0.2615 (StdDev 0.1177) Mpps, 3138.24 (StdDev 1412) Mbit/s (3180.09 Mbit/s with framing), total 2400000 packets with 3600000000 bytes (incl. CRC)
