[1;37m[INFO]  Initializing DPDK. This will take a few seconds...[0m
EAL: Probing VFIO support...
EAL: WARNING: cpu flags constant_tsc=yes nonstop_tsc=no -> using unreliable clock cycles !
EAL: PCI device 0000:00:03.0 on NUMA socket -1
EAL:   Invalid NUMA socket, default to 0
EAL:   probe driver: 1af4:1000 net_virtio
EAL: PCI device 0000:00:04.0 on NUMA socket -1
EAL:   Invalid NUMA socket, default to 0
EAL:   probe driver: 8086:154c net_i40e_vf
EAL: PCI device 0000:00:05.0 on NUMA socket -1
EAL:   Invalid NUMA socket, default to 0
EAL:   probe driver: 8086:154c net_i40e_vf
[1;37m[INFO]  Found 2 usable devices:[0m
   Device 0: 52:54:00:7E:BA:22 ([0;32mIntel Corporation XL710/X710 Virtual Function[0m)
   Device 1: 52:54:00:34:F7:C3 ([0;32mIntel Corporation XL710/X710 Virtual Function[0m)
[1;33m[WARN]  Failed to get firmware version: -95[0m
[1;33m[WARN]  Failed to get firmware version: -95[0m
[1;37m[INFO]  Waiting for devices to come up...[0m
[1;37m[INFO]  Device 1 (52:54:00:34:F7:C3) is up: 40000 MBit/s[0m
[1;37m[INFO]  Device 0 (52:54:00:7E:BA:22) is up: 40000 MBit/s[0m
[1;37m[INFO]  [0;32m2 devices are up.[0m[0m
[1;37m[INFO]  Trying to enable rx timestamping of all packets, this isn't supported by most nics[0m
[0;34m[Device: id=0] TX[0m: 0.3473 Mpps, 4168.14 Mbit/s (4223.71 Mbit/s with framing)
[1;36m[Device: id=1] RX[0m: 0.3415 Mpps, 4108.48 Mbit/s (4163.12 Mbit/s with framing)
[0;34m[Device: id=0] TX[0m: 0.3601 Mpps, 4321.16 Mbit/s (4378.77 Mbit/s with framing)
[1;36m[Device: id=1] RX[0m: 0.3524 Mpps, 4240.60 Mbit/s (4297.00 Mbit/s with framing)
[0;34m[Device: id=0] TX[0m: 0.3601 Mpps, 4321.00 Mbit/s (4378.61 Mbit/s with framing)
[1;36m[Device: id=1] RX[0m: 0.3601 Mpps, 4332.87 Mbit/s (4390.49 Mbit/s with framing)
[0;34m[Device: id=0] TX[0m: 0.3601 Mpps, 4321.11 Mbit/s (4378.73 Mbit/s with framing)
[1;36m[Device: id=1] RX[0m: 0.3601 Mpps, 4332.62 Mbit/s (4390.23 Mbit/s with framing)
[0;34m[Device: id=0] TX[0m: 0.3601 Mpps, 4321.19 Mbit/s (4378.81 Mbit/s with framing)
[1;36m[Device: id=1] RX[0m: 0.3601 Mpps, 4332.62 Mbit/s (4390.23 Mbit/s with framing)
[0;34m[Device: id=0] TX[0m: 0.3601 Mpps, 4321.17 Mbit/s (4378.79 Mbit/s with framing)
[1;36m[Device: id=1] RX[0m: 0.3601 Mpps, 4332.58 Mbit/s (4390.19 Mbit/s with framing)
[1;36m[Device: id=1] RX[0m: 0.3601 Mpps, 4332.71 Mbit/s (4390.33 Mbit/s with framing)
[0;34m[Device: id=0] TX[0m: 0.3601 Mpps, 4320.99 Mbit/s (4378.61 Mbit/s with framing)
9
[1;36m[Device: id=1] RX[0m: 0.1768 Mpps, 2127.65 Mbit/s (2155.94 Mbit/s with framing)
[0;34m[Device: id=0] TX[0m: 0.1794 Mpps, 2152.65 Mbit/s (2181.35 Mbit/s with framing)
2700000
[1;36m[Device: id=1] RX[0m: 0.3328 (StdDev 0.0688) Mpps, 4004.52 (StdDev 828) Mbit/s (4057.77 Mbit/s with framing), total 2671294 packets with 4017626176 bytes (incl. CRC)
[0;34m[Device: id=0] TX[0m: 0.0000 Mpps, 0.00 Mbit/s (0.00 Mbit/s with framing)
[0;34m[Device: id=0] TX[0m: 0.2925 (StdDev 0.1340) Mpps, 3509.91 (StdDev 1608) Mbit/s (3556.71 Mbit/s with framing), total 2700000 packets with 4050000000 bytes (incl. CRC)
