[1;37m[INFO]  Initializing DPDK. This will take a few seconds...[0m
EAL: Probing VFIO support...
EAL: WARNING: cpu flags constant_tsc=yes nonstop_tsc=no -> using unreliable clock cycles !
EAL: PCI device 0000:00:03.0 on NUMA socket -1
EAL:   Invalid NUMA socket, default to 0
EAL:   probe driver: 1af4:1000 net_virtio
EAL: PCI device 0000:00:04.0 on NUMA socket -1
EAL:   Invalid NUMA socket, default to 0
EAL:   probe driver: 8086:154c net_i40e_vf
EAL: PCI device 0000:00:05.0 on NUMA socket -1
EAL:   Invalid NUMA socket, default to 0
EAL:   probe driver: 8086:154c net_i40e_vf
[1;37m[INFO]  Found 2 usable devices:[0m
   Device 0: 52:54:00:7E:BA:22 ([0;32mIntel Corporation XL710/X710 Virtual Function[0m)
   Device 1: 52:54:00:34:F7:C3 ([0;32mIntel Corporation XL710/X710 Virtual Function[0m)
[1;33m[WARN]  Failed to get firmware version: -95[0m
[1;33m[WARN]  Failed to get firmware version: -95[0m
[1;37m[INFO]  Waiting for devices to come up...[0m
[1;37m[INFO]  Device 1 (52:54:00:34:F7:C3) is up: 40000 MBit/s[0m
[1;37m[INFO]  Device 0 (52:54:00:7E:BA:22) is up: 40000 MBit/s[0m
[1;37m[INFO]  [0;32m2 devices are up.[0m[0m
[1;37m[INFO]  Trying to enable rx timestamping of all packets, this isn't supported by most nics[0m
[1;36m[Device: id=1] RX[0m: 0.6149 Mpps, 334.52 Mbit/s (432.91 Mbit/s with framing)
[0;34m[Device: id=0] TX[0m: 0.7736 Mpps, 396.10 Mbit/s (519.87 Mbit/s with framing)
[0;34m[Device: id=0] TX[0m: 0.8000 Mpps, 409.61 Mbit/s (537.61 Mbit/s with framing)
[1;36m[Device: id=1] RX[0m: 0.7108 Mpps, 386.66 Mbit/s (500.39 Mbit/s with framing)
[0;34m[Device: id=0] TX[0m: 0.8000 Mpps, 409.60 Mbit/s (537.60 Mbit/s with framing)
[1;36m[Device: id=1] RX[0m: 0.7244 Mpps, 394.09 Mbit/s (510.00 Mbit/s with framing)
[0;34m[Device: id=0] TX[0m: 0.8000 Mpps, 409.60 Mbit/s (537.60 Mbit/s with framing)
[1;36m[Device: id=1] RX[0m: 0.7244 Mpps, 394.07 Mbit/s (509.97 Mbit/s with framing)
[0;34m[Device: id=0] TX[0m: 0.8000 Mpps, 409.60 Mbit/s (537.60 Mbit/s with framing)
[1;36m[Device: id=1] RX[0m: 0.7230 Mpps, 393.32 Mbit/s (509.01 Mbit/s with framing)
[0;34m[Device: id=0] TX[0m: 0.8000 Mpps, 409.60 Mbit/s (537.60 Mbit/s with framing)
[1;36m[Device: id=1] RX[0m: 0.7223 Mpps, 392.94 Mbit/s (508.51 Mbit/s with framing)
[0;34m[Device: id=0] TX[0m: 0.8000 Mpps, 409.62 Mbit/s (537.62 Mbit/s with framing)
[1;36m[Device: id=1] RX[0m: 0.7420 Mpps, 403.64 Mbit/s (522.35 Mbit/s with framing)
6
[1;36m[Device: id=1] RX[0m: 0.3662 Mpps, 199.23 Mbit/s (257.82 Mbit/s with framing)
[0;34m[Device: id=0] TX[0m: 0.3992 Mpps, 204.41 Mbit/s (268.29 Mbit/s with framing)
6000000
[1;36m[Device: id=1] RX[0m: 0.6733 (StdDev 0.1357) Mpps, 366.28 (StdDev 74) Mbit/s (474.01 Mbit/s with framing), total 5328091 packets with 362310188 bytes (incl. CRC)
[0;34m[Device: id=0] TX[0m: 0.0000 Mpps, 0.00 Mbit/s (0.00 Mbit/s with framing)
[0;34m[Device: id=0] TX[0m: 0.6499 (StdDev 0.2977) Mpps, 332.75 (StdDev 152) Mbit/s (436.74 Mbit/s with framing), total 6000000 packets with 384000000 bytes (incl. CRC)
