[1;37m[INFO]  Initializing DPDK. This will take a few seconds...[0m
EAL: Probing VFIO support...
EAL: WARNING: cpu flags constant_tsc=yes nonstop_tsc=no -> using unreliable clock cycles !
EAL: PCI device 0000:00:03.0 on NUMA socket -1
EAL:   Invalid NUMA socket, default to 0
EAL:   probe driver: 1af4:1000 net_virtio
EAL: PCI device 0000:00:04.0 on NUMA socket -1
EAL:   Invalid NUMA socket, default to 0
EAL:   probe driver: 8086:154c net_i40e_vf
EAL: PCI device 0000:00:05.0 on NUMA socket -1
EAL:   Invalid NUMA socket, default to 0
EAL:   probe driver: 8086:154c net_i40e_vf
[1;37m[INFO]  Found 2 usable devices:[0m
   Device 0: 52:54:00:7E:BA:22 ([0;32mIntel Corporation XL710/X710 Virtual Function[0m)
   Device 1: 52:54:00:34:F7:C3 ([0;32mIntel Corporation XL710/X710 Virtual Function[0m)
[1;33m[WARN]  Failed to get firmware version: -95[0m
[1;33m[WARN]  Failed to get firmware version: -95[0m
[1;37m[INFO]  Waiting for devices to come up...[0m
[1;37m[INFO]  Device 1 (52:54:00:34:F7:C3) is up: 40000 MBit/s[0m
[1;37m[INFO]  Device 0 (52:54:00:7E:BA:22) is up: 40000 MBit/s[0m
[1;37m[INFO]  [0;32m2 devices are up.[0m[0m
[1;37m[INFO]  Trying to enable rx timestamping of all packets, this isn't supported by most nics[0m
[0;34m[Device: id=0] TX[0m: 0.8536 Mpps, 437.06 Mbit/s (573.64 Mbit/s with framing)
[1;36m[Device: id=1] RX[0m: 0.6166 Mpps, 335.42 Mbit/s (434.07 Mbit/s with framing)
[0;34m[Device: id=0] TX[0m: 0.8804 Mpps, 450.76 Mbit/s (591.63 Mbit/s with framing)
[1;36m[Device: id=1] RX[0m: 0.7131 Mpps, 387.93 Mbit/s (502.02 Mbit/s with framing)
[0;34m[Device: id=0] TX[0m: 0.8804 Mpps, 450.75 Mbit/s (591.61 Mbit/s with framing)
[1;36m[Device: id=1] RX[0m: 0.7281 Mpps, 396.11 Mbit/s (512.61 Mbit/s with framing)
[0;34m[Device: id=0] TX[0m: 0.8804 Mpps, 450.75 Mbit/s (591.61 Mbit/s with framing)
[1;36m[Device: id=1] RX[0m: 0.7278 Mpps, 395.94 Mbit/s (512.39 Mbit/s with framing)
[0;34m[Device: id=0] TX[0m: 0.8804 Mpps, 450.75 Mbit/s (591.61 Mbit/s with framing)
[1;36m[Device: id=1] RX[0m: 0.7273 Mpps, 395.65 Mbit/s (512.01 Mbit/s with framing)
[0;34m[Device: id=0] TX[0m: 0.8804 Mpps, 450.76 Mbit/s (591.62 Mbit/s with framing)
[1;36m[Device: id=1] RX[0m: 0.7284 Mpps, 396.23 Mbit/s (512.77 Mbit/s with framing)
[0;34m[Device: id=0] TX[0m: 0.8804 Mpps, 450.75 Mbit/s (591.61 Mbit/s with framing)
[1;36m[Device: id=1] RX[0m: 0.7283 Mpps, 396.21 Mbit/s (512.74 Mbit/s with framing)
57
[0;34m[Device: id=0] TX[0m: 0.4466 Mpps, 228.66 Mbit/s (300.11 Mbit/s with framing)
[1;36m[Device: id=1] RX[0m: 0.3527 Mpps, 191.89 Mbit/s (248.33 Mbit/s with framing)
6600000
[1;36m[Device: id=1] RX[0m: 0.6723 (StdDev 0.1410) Mpps, 365.71 (StdDev 77) Mbit/s (473.27 Mbit/s with framing), total 5322447 packets with 361926396 bytes (incl. CRC)
[0;34m[Device: id=0] TX[0m: 0.0000 Mpps, 0.00 Mbit/s (0.00 Mbit/s with framing)
[0;34m[Device: id=0] TX[0m: 0.7161 (StdDev 0.3267) Mpps, 366.65 (StdDev 167) Mbit/s (481.22 Mbit/s with framing), total 6600000 packets with 422400000 bytes (incl. CRC)
