[1;37m[INFO]  Initializing DPDK. This will take a few seconds...[0m
EAL: Probing VFIO support...
EAL: WARNING: cpu flags constant_tsc=yes nonstop_tsc=no -> using unreliable clock cycles !
EAL: PCI device 0000:00:03.0 on NUMA socket -1
EAL:   Invalid NUMA socket, default to 0
EAL:   probe driver: 1af4:1000 net_virtio
EAL: PCI device 0000:00:04.0 on NUMA socket -1
EAL:   Invalid NUMA socket, default to 0
EAL:   probe driver: 8086:154c net_i40e_vf
EAL: PCI device 0000:00:05.0 on NUMA socket -1
EAL:   Invalid NUMA socket, default to 0
EAL:   probe driver: 8086:154c net_i40e_vf
[1;37m[INFO]  Found 2 usable devices:[0m
   Device 0: 52:54:00:7E:BA:22 ([0;32mIntel Corporation XL710/X710 Virtual Function[0m)
   Device 1: 52:54:00:34:F7:C3 ([0;32mIntel Corporation XL710/X710 Virtual Function[0m)
[1;33m[WARN]  Failed to get firmware version: -95[0m
[1;33m[WARN]  Failed to get firmware version: -95[0m
[1;37m[INFO]  Waiting for devices to come up...[0m
[1;37m[INFO]  Device 1 (52:54:00:34:F7:C3) is up: 40000 MBit/s[0m
[1;37m[INFO]  Device 0 (52:54:00:7E:BA:22) is up: 40000 MBit/s[0m
[1;37m[INFO]  [0;32m2 devices are up.[0m[0m
[1;37m[INFO]  Trying to enable rx timestamping of all packets, this isn't supported by most nics[0m
[1;36m[Device: id=1] RX[0m: 0.1539 Mpps, 1851.35 Mbit/s (1875.97 Mbit/s with framing)
[0;34m[Device: id=0] TX[0m: 0.1543 Mpps, 1851.54 Mbit/s (1876.23 Mbit/s with framing)
[0;34m[Device: id=0] TX[0m: 0.1600 Mpps, 1920.18 Mbit/s (1945.79 Mbit/s with framing)
[1;36m[Device: id=1] RX[0m: 0.1569 Mpps, 1888.33 Mbit/s (1913.44 Mbit/s with framing)
[0;34m[Device: id=0] TX[0m: 0.1600 Mpps, 1920.17 Mbit/s (1945.77 Mbit/s with framing)
[1;36m[Device: id=1] RX[0m: 0.1600 Mpps, 1925.38 Mbit/s (1950.99 Mbit/s with framing)
[0;34m[Device: id=0] TX[0m: 0.1600 Mpps, 1920.15 Mbit/s (1945.75 Mbit/s with framing)
[1;36m[Device: id=1] RX[0m: 0.1600 Mpps, 1925.18 Mbit/s (1950.78 Mbit/s with framing)
[0;34m[Device: id=0] TX[0m: 0.1600 Mpps, 1920.20 Mbit/s (1945.80 Mbit/s with framing)
[1;36m[Device: id=1] RX[0m: 0.1600 Mpps, 1925.36 Mbit/s (1950.96 Mbit/s with framing)
[0;34m[Device: id=0] TX[0m: 0.1600 Mpps, 1920.19 Mbit/s (1945.79 Mbit/s with framing)
[1;36m[Device: id=1] RX[0m: 0.1600 Mpps, 1925.29 Mbit/s (1950.89 Mbit/s with framing)
[0;34m[Device: id=0] TX[0m: 0.1600 Mpps, 1920.18 Mbit/s (1945.78 Mbit/s with framing)
[1;36m[Device: id=1] RX[0m: 0.1600 Mpps, 1925.32 Mbit/s (1950.93 Mbit/s with framing)
39
[0;34m[Device: id=0] TX[0m: 0.0808 Mpps, 969.37 Mbit/s (982.30 Mbit/s with framing)
[1;36m[Device: id=1] RX[0m: 0.0785 Mpps, 944.89 Mbit/s (957.45 Mbit/s with framing)
1200000
[1;36m[Device: id=1] RX[0m: 0.1479 (StdDev 0.0306) Mpps, 1779.97 (StdDev 368) Mbit/s (1803.63 Mbit/s with framing), total 1189474 packets with 1788968896 bytes (incl. CRC)
[0;34m[Device: id=0] TX[0m: 0.0000 Mpps, 0.00 Mbit/s (0.00 Mbit/s with framing)
[0;34m[Device: id=0] TX[0m: 0.1301 (StdDev 0.0594) Mpps, 1561.30 (StdDev 713) Mbit/s (1582.12 Mbit/s with framing), total 1200000 packets with 1800000000 bytes (incl. CRC)
