[1;37m[INFO]  Initializing DPDK. This will take a few seconds...[0m
EAL: Probing VFIO support...
EAL: WARNING: cpu flags constant_tsc=yes nonstop_tsc=no -> using unreliable clock cycles !
EAL: PCI device 0000:00:03.0 on NUMA socket -1
EAL:   Invalid NUMA socket, default to 0
EAL:   probe driver: 1af4:1000 net_virtio
EAL: PCI device 0000:00:04.0 on NUMA socket -1
EAL:   Invalid NUMA socket, default to 0
EAL:   probe driver: 8086:154c net_i40e_vf
EAL: PCI device 0000:00:05.0 on NUMA socket -1
EAL:   Invalid NUMA socket, default to 0
EAL:   probe driver: 8086:154c net_i40e_vf
[1;37m[INFO]  Found 2 usable devices:[0m
   Device 0: 52:54:00:7E:BA:22 ([0;32mIntel Corporation XL710/X710 Virtual Function[0m)
   Device 1: 52:54:00:34:F7:C3 ([0;32mIntel Corporation XL710/X710 Virtual Function[0m)
[1;33m[WARN]  Failed to get firmware version: -95[0m
[1;33m[WARN]  Failed to get firmware version: -95[0m
[1;37m[INFO]  Waiting for devices to come up...[0m
[1;37m[INFO]  Device 1 (52:54:00:34:F7:C3) is up: 40000 MBit/s[0m
[1;37m[INFO]  Device 0 (52:54:00:7E:BA:22) is up: 40000 MBit/s[0m
[1;37m[INFO]  [0;32m2 devices are up.[0m[0m
[1;37m[INFO]  Trying to enable rx timestamping of all packets, this isn't supported by most nics[0m
[1;36m[Device: id=1] RX[0m: 0.2998 Mpps, 163.09 Mbit/s (211.06 Mbit/s with framing)
[0;34m[Device: id=0] TX[0m: 0.3021 Mpps, 154.67 Mbit/s (203.00 Mbit/s with framing)
[0;34m[Device: id=0] TX[0m: 0.3200 Mpps, 163.85 Mbit/s (215.05 Mbit/s with framing)
[1;36m[Device: id=1] RX[0m: 0.3132 Mpps, 170.41 Mbit/s (220.53 Mbit/s with framing)
[0;34m[Device: id=0] TX[0m: 0.3200 Mpps, 163.85 Mbit/s (215.06 Mbit/s with framing)
[1;36m[Device: id=1] RX[0m: 0.3201 Mpps, 174.11 Mbit/s (225.32 Mbit/s with framing)
[0;34m[Device: id=0] TX[0m: 0.3200 Mpps, 163.85 Mbit/s (215.06 Mbit/s with framing)
[1;36m[Device: id=1] RX[0m: 0.3200 Mpps, 174.09 Mbit/s (225.29 Mbit/s with framing)
[0;34m[Device: id=0] TX[0m: 0.3200 Mpps, 163.85 Mbit/s (215.06 Mbit/s with framing)
[1;36m[Device: id=1] RX[0m: 0.3200 Mpps, 174.10 Mbit/s (225.30 Mbit/s with framing)
[0;34m[Device: id=0] TX[0m: 0.3200 Mpps, 163.85 Mbit/s (215.05 Mbit/s with framing)
[1;36m[Device: id=1] RX[0m: 0.3200 Mpps, 174.10 Mbit/s (225.30 Mbit/s with framing)
[0;34m[Device: id=0] TX[0m: 0.3200 Mpps, 163.86 Mbit/s (215.07 Mbit/s with framing)
[1;36m[Device: id=1] RX[0m: 0.3200 Mpps, 174.09 Mbit/s (225.30 Mbit/s with framing)
15
[0;34m[Device: id=0] TX[0m: 0.1705 Mpps, 87.32 Mbit/s (114.60 Mbit/s with framing)
[1;36m[Device: id=1] RX[0m: 0.1651 Mpps, 89.80 Mbit/s (116.21 Mbit/s with framing)
[0;34m[Device: id=0] TX[0m: 0.0000 Mpps, 0.00 Mbit/s (0.00 Mbit/s with framing)
[1;36m[Device: id=1] RX[0m: 0.0000 Mpps, 0.00 Mbit/s (0.00 Mbit/s with framing)
2400000
[1;36m[Device: id=1] RX[0m: 0.2598 (StdDev 0.1180) Mpps, 141.34 (StdDev 64) Mbit/s (182.91 Mbit/s with framing), total 2378343 packets with 161727324 bytes (incl. CRC)
[0;34m[Device: id=0] TX[0m: 0.2613 (StdDev 0.1178) Mpps, 133.80 (StdDev 60) Mbit/s (175.62 Mbit/s with framing), total 2400000 packets with 153600000 bytes (incl. CRC)
