[1;37m[INFO]  Initializing DPDK. This will take a few seconds...[0m
EAL: Probing VFIO support...
EAL: WARNING: cpu flags constant_tsc=yes nonstop_tsc=no -> using unreliable clock cycles !
EAL: PCI device 0000:00:03.0 on NUMA socket -1
EAL:   Invalid NUMA socket, default to 0
EAL:   probe driver: 1af4:1000 net_virtio
EAL: PCI device 0000:00:04.0 on NUMA socket -1
EAL:   Invalid NUMA socket, default to 0
EAL:   probe driver: 8086:154c net_i40e_vf
EAL: PCI device 0000:00:05.0 on NUMA socket -1
EAL:   Invalid NUMA socket, default to 0
EAL:   probe driver: 8086:154c net_i40e_vf
[1;37m[INFO]  Found 2 usable devices:[0m
   Device 0: 52:54:00:7E:BA:22 ([0;32mIntel Corporation XL710/X710 Virtual Function[0m)
   Device 1: 52:54:00:34:F7:C3 ([0;32mIntel Corporation XL710/X710 Virtual Function[0m)
[1;33m[WARN]  Failed to get firmware version: -95[0m
[1;33m[WARN]  Failed to get firmware version: -95[0m
[1;37m[INFO]  Waiting for devices to come up...[0m
[1;37m[INFO]  Device 1 (52:54:00:34:F7:C3) is up: 40000 MBit/s[0m
[1;37m[INFO]  Device 0 (52:54:00:7E:BA:22) is up: 40000 MBit/s[0m
[1;37m[INFO]  [0;32m2 devices are up.[0m[0m
[1;37m[INFO]  Trying to enable rx timestamping of all packets, this isn't supported by most nics[0m
[1;36m[Device: id=1] RX[0m: 0.2321 Mpps, 2792.29 Mbit/s (2829.42 Mbit/s with framing)
[0;34m[Device: id=0] TX[0m: 0.2346 Mpps, 2814.91 Mbit/s (2852.45 Mbit/s with framing)
[0;34m[Device: id=0] TX[0m: 0.2400 Mpps, 2880.15 Mbit/s (2918.55 Mbit/s with framing)
[1;36m[Device: id=1] RX[0m: 0.2351 Mpps, 2829.31 Mbit/s (2866.94 Mbit/s with framing)
[0;34m[Device: id=0] TX[0m: 0.2400 Mpps, 2880.07 Mbit/s (2918.47 Mbit/s with framing)
[1;36m[Device: id=1] RX[0m: 0.2400 Mpps, 2887.78 Mbit/s (2926.18 Mbit/s with framing)
[0;34m[Device: id=0] TX[0m: 0.2400 Mpps, 2880.12 Mbit/s (2918.52 Mbit/s with framing)
[1;36m[Device: id=1] RX[0m: 0.2400 Mpps, 2887.83 Mbit/s (2926.24 Mbit/s with framing)
[0;34m[Device: id=0] TX[0m: 0.2400 Mpps, 2879.99 Mbit/s (2918.39 Mbit/s with framing)
[1;36m[Device: id=1] RX[0m: 0.2400 Mpps, 2887.79 Mbit/s (2926.19 Mbit/s with framing)
[1;36m[Device: id=1] RX[0m: 0.2400 Mpps, 2887.85 Mbit/s (2926.25 Mbit/s with framing)
[0;34m[Device: id=0] TX[0m: 0.2400 Mpps, 2880.14 Mbit/s (2918.54 Mbit/s with framing)
[1;36m[Device: id=1] RX[0m: 0.2400 Mpps, 2887.83 Mbit/s (2926.23 Mbit/s with framing)
[0;34m[Device: id=0] TX[0m: 0.2400 Mpps, 2880.13 Mbit/s (2918.53 Mbit/s with framing)
27
[1;36m[Device: id=1] RX[0m: 0.1174 Mpps, 1412.06 Mbit/s (1430.83 Mbit/s with framing)
[0;34m[Device: id=0] TX[0m: 0.1150 Mpps, 1379.47 Mbit/s (1397.86 Mbit/s with framing)
1800000
[1;36m[Device: id=1] RX[0m: 0.2218 (StdDev 0.0461) Mpps, 2668.63 (StdDev 555) Mbit/s (2704.12 Mbit/s with framing), total 1784712 packets with 2684206848 bytes (incl. CRC)
[0;34m[Device: id=0] TX[0m: 0.0000 Mpps, 0.00 Mbit/s (0.00 Mbit/s with framing)
[0;34m[Device: id=0] TX[0m: 0.1944 (StdDev 0.0899) Mpps, 2332.51 (StdDev 1079) Mbit/s (2363.61 Mbit/s with framing), total 1800000 packets with 2700000000 bytes (incl. CRC)
