[1;37m[INFO]  Initializing DPDK. This will take a few seconds...[0m
EAL: Probing VFIO support...
EAL: WARNING: cpu flags constant_tsc=yes nonstop_tsc=no -> using unreliable clock cycles !
EAL: PCI device 0000:00:03.0 on NUMA socket -1
EAL:   Invalid NUMA socket, default to 0
EAL:   probe driver: 1af4:1000 net_virtio
EAL: PCI device 0000:00:04.0 on NUMA socket -1
EAL:   Invalid NUMA socket, default to 0
EAL:   probe driver: 8086:154c net_i40e_vf
EAL: PCI device 0000:00:05.0 on NUMA socket -1
EAL:   Invalid NUMA socket, default to 0
EAL:   probe driver: 8086:154c net_i40e_vf
[1;37m[INFO]  Found 2 usable devices:[0m
   Device 0: 52:54:00:7E:BA:22 ([0;32mIntel Corporation XL710/X710 Virtual Function[0m)
   Device 1: 52:54:00:34:F7:C3 ([0;32mIntel Corporation XL710/X710 Virtual Function[0m)
[1;33m[WARN]  Failed to get firmware version: -95[0m
[1;33m[WARN]  Failed to get firmware version: -95[0m
[1;37m[INFO]  Waiting for devices to come up...[0m
[1;37m[INFO]  Device 1 (52:54:00:34:F7:C3) is up: 40000 MBit/s[0m
[1;37m[INFO]  Device 0 (52:54:00:7E:BA:22) is up: 40000 MBit/s[0m
[1;37m[INFO]  [0;32m2 devices are up.[0m[0m
[1;37m[INFO]  Trying to enable rx timestamping of all packets, this isn't supported by most nics[0m
[1;36m[Device: id=1] RX[0m: 0.4810 Mpps, 261.66 Mbit/s (338.61 Mbit/s with framing)
[0;34m[Device: id=0] TX[0m: 0.4976 Mpps, 254.79 Mbit/s (334.42 Mbit/s with framing)
[0;34m[Device: id=0] TX[0m: 0.5200 Mpps, 266.24 Mbit/s (349.44 Mbit/s with framing)
[1;36m[Device: id=1] RX[0m: 0.5090 Mpps, 276.88 Mbit/s (358.31 Mbit/s with framing)
[0;34m[Device: id=0] TX[0m: 0.5200 Mpps, 266.27 Mbit/s (349.47 Mbit/s with framing)
[1;36m[Device: id=1] RX[0m: 0.5200 Mpps, 282.90 Mbit/s (366.11 Mbit/s with framing)
[0;34m[Device: id=0] TX[0m: 0.5200 Mpps, 266.26 Mbit/s (349.46 Mbit/s with framing)
[1;36m[Device: id=1] RX[0m: 0.5200 Mpps, 282.89 Mbit/s (366.09 Mbit/s with framing)
[0;34m[Device: id=0] TX[0m: 0.5200 Mpps, 266.26 Mbit/s (349.47 Mbit/s with framing)
[1;36m[Device: id=1] RX[0m: 0.5200 Mpps, 282.90 Mbit/s (366.11 Mbit/s with framing)
[1;36m[Device: id=1] RX[0m: 0.5200 Mpps, 282.90 Mbit/s (366.10 Mbit/s with framing)
[0;34m[Device: id=0] TX[0m: 0.5200 Mpps, 266.26 Mbit/s (349.47 Mbit/s with framing)
[1;36m[Device: id=1] RX[0m: 0.5201 Mpps, 282.91 Mbit/s (366.12 Mbit/s with framing)
[0;34m[Device: id=0] TX[0m: 0.5200 Mpps, 266.26 Mbit/s (349.46 Mbit/s with framing)
48
[1;36m[Device: id=1] RX[0m: 0.2621 Mpps, 142.58 Mbit/s (184.51 Mbit/s with framing)
[0;34m[Device: id=0] TX[0m: 0.2595 Mpps, 132.87 Mbit/s (174.39 Mbit/s with framing)
[1;36m[Device: id=1] RX[0m: 0.0000 Mpps, 0.00 Mbit/s (0.00 Mbit/s with framing)
3900000
[1;36m[Device: id=1] RX[0m: 0.4214 (StdDev 0.1925) Mpps, 229.24 (StdDev 105) Mbit/s (296.67 Mbit/s with framing), total 3852256 packets with 261953408 bytes (incl. CRC)
[0;34m[Device: id=0] TX[0m: 0.0000 Mpps, 0.00 Mbit/s (0.00 Mbit/s with framing)
[0;34m[Device: id=0] TX[0m: 0.4225 (StdDev 0.1935) Mpps, 216.30 (StdDev 99) Mbit/s (283.90 Mbit/s with framing), total 3900000 packets with 249600000 bytes (incl. CRC)
