[1;37m[INFO]  Initializing DPDK. This will take a few seconds...[0m
EAL: Probing VFIO support...
EAL: WARNING: cpu flags constant_tsc=yes nonstop_tsc=no -> using unreliable clock cycles !
EAL: PCI device 0000:00:03.0 on NUMA socket -1
EAL:   Invalid NUMA socket, default to 0
EAL:   probe driver: 1af4:1000 net_virtio
EAL: PCI device 0000:00:04.0 on NUMA socket -1
EAL:   Invalid NUMA socket, default to 0
EAL:   probe driver: 8086:154c net_i40e_vf
EAL: PCI device 0000:00:05.0 on NUMA socket -1
EAL:   Invalid NUMA socket, default to 0
EAL:   probe driver: 8086:154c net_i40e_vf
[1;37m[INFO]  Found 2 usable devices:[0m
   Device 0: 52:54:00:7E:BA:22 ([0;32mIntel Corporation XL710/X710 Virtual Function[0m)
   Device 1: 52:54:00:34:F7:C3 ([0;32mIntel Corporation XL710/X710 Virtual Function[0m)
[1;33m[WARN]  Failed to get firmware version: -95[0m
[1;33m[WARN]  Failed to get firmware version: -95[0m
[1;37m[INFO]  Waiting for devices to come up...[0m
[1;37m[INFO]  Device 1 (52:54:00:34:F7:C3) is up: 40000 MBit/s[0m
[1;37m[INFO]  Device 0 (52:54:00:7E:BA:22) is up: 40000 MBit/s[0m
[1;37m[INFO]  [0;32m2 devices are up.[0m[0m
[1;37m[INFO]  Trying to enable rx timestamping of all packets, this isn't supported by most nics[0m
[1;36m[Device: id=1] RX[0m: 0.0390 Mpps, 21.22 Mbit/s (27.46 Mbit/s with framing)
[0;34m[Device: id=0] TX[0m: 0.0387 Mpps, 19.83 Mbit/s (26.03 Mbit/s with framing)
[0;34m[Device: id=0] TX[0m: 0.0400 Mpps, 20.48 Mbit/s (26.88 Mbit/s with framing)
[1;36m[Device: id=1] RX[0m: 0.0396 Mpps, 21.56 Mbit/s (27.91 Mbit/s with framing)
[0;34m[Device: id=0] TX[0m: 0.0400 Mpps, 20.48 Mbit/s (26.88 Mbit/s with framing)
[1;36m[Device: id=1] RX[0m: 0.0400 Mpps, 21.76 Mbit/s (28.16 Mbit/s with framing)
[0;34m[Device: id=0] TX[0m: 0.0400 Mpps, 20.48 Mbit/s (26.88 Mbit/s with framing)
[1;36m[Device: id=1] RX[0m: 0.0400 Mpps, 21.76 Mbit/s (28.16 Mbit/s with framing)
[0;34m[Device: id=0] TX[0m: 0.0400 Mpps, 20.48 Mbit/s (26.88 Mbit/s with framing)
[1;36m[Device: id=1] RX[0m: 0.0400 Mpps, 21.76 Mbit/s (28.16 Mbit/s with framing)
[0;34m[Device: id=0] TX[0m: 0.0400 Mpps, 20.48 Mbit/s (26.88 Mbit/s with framing)
[1;36m[Device: id=1] RX[0m: 0.0400 Mpps, 21.76 Mbit/s (28.16 Mbit/s with framing)
[1;36m[Device: id=1] RX[0m: 0.0400 Mpps, 21.76 Mbit/s (28.16 Mbit/s with framing)
[0;34m[Device: id=0] TX[0m: 0.0400 Mpps, 20.48 Mbit/s (26.88 Mbit/s with framing)
57
[1;36m[Device: id=1] RX[0m: 0.0195 Mpps, 10.63 Mbit/s (13.76 Mbit/s with framing)
[0;34m[Device: id=0] TX[0m: 0.0198 Mpps, 10.12 Mbit/s (13.29 Mbit/s with framing)
300000
[1;36m[Device: id=1] RX[0m: 0.0370 (StdDev 0.0077) Mpps, 20.14 (StdDev 4) Mbit/s (26.07 Mbit/s with framing), total 298211 packets with 20278348 bytes (incl. CRC)
[0;34m[Device: id=0] TX[0m: 0.0000 Mpps, 0.00 Mbit/s (0.00 Mbit/s with framing)
[0;34m[Device: id=0] TX[0m: 0.0325 (StdDev 0.0149) Mpps, 16.63 (StdDev 8) Mbit/s (21.82 Mbit/s with framing), total 300000 packets with 19200000 bytes (incl. CRC)
