[1;37m[INFO]  Initializing DPDK. This will take a few seconds...[0m
EAL: Probing VFIO support...
EAL: WARNING: cpu flags constant_tsc=yes nonstop_tsc=no -> using unreliable clock cycles !
EAL: PCI device 0000:00:03.0 on NUMA socket -1
EAL:   Invalid NUMA socket, default to 0
EAL:   probe driver: 1af4:1000 net_virtio
EAL: PCI device 0000:00:04.0 on NUMA socket -1
EAL:   Invalid NUMA socket, default to 0
EAL:   probe driver: 8086:154c net_i40e_vf
EAL: PCI device 0000:00:05.0 on NUMA socket -1
EAL:   Invalid NUMA socket, default to 0
EAL:   probe driver: 8086:154c net_i40e_vf
[1;37m[INFO]  Found 2 usable devices:[0m
   Device 0: 52:54:00:7E:BA:22 ([0;32mIntel Corporation XL710/X710 Virtual Function[0m)
   Device 1: 52:54:00:34:F7:C3 ([0;32mIntel Corporation XL710/X710 Virtual Function[0m)
[1;33m[WARN]  Failed to get firmware version: -95[0m
[1;33m[WARN]  Failed to get firmware version: -95[0m
[1;37m[INFO]  Waiting for devices to come up...[0m
[1;37m[INFO]  Device 1 (52:54:00:34:F7:C3) is up: 40000 MBit/s[0m
[1;37m[INFO]  Device 0 (52:54:00:7E:BA:22) is up: 40000 MBit/s[0m
[1;37m[INFO]  [0;32m2 devices are up.[0m[0m
[1;37m[INFO]  Trying to enable rx timestamping of all packets, this isn't supported by most nics[0m
[1;36m[Device: id=1] RX[0m: 0.6365 Mpps, 7658.92 Mbit/s (7760.77 Mbit/s with framing)
[0;34m[Device: id=0] TX[0m: 0.9899 Mpps, 11878.42 Mbit/s (12036.80 Mbit/s with framing)
[0;34m[Device: id=0] TX[0m: 1.0000 Mpps, 11999.55 Mbit/s (12159.55 Mbit/s with framing)
[1;36m[Device: id=1] RX[0m: 0.7396 Mpps, 8898.35 Mbit/s (9016.68 Mbit/s with framing)
[1;36m[Device: id=1] RX[0m: 0.7593 Mpps, 9135.58 Mbit/s (9257.07 Mbit/s with framing)
[0;34m[Device: id=0] TX[0m: 1.0000 Mpps, 12000.57 Mbit/s (12160.58 Mbit/s with framing)
[1;36m[Device: id=1] RX[0m: 0.7580 Mpps, 9120.38 Mbit/s (9241.66 Mbit/s with framing)
[0;34m[Device: id=0] TX[0m: 1.0000 Mpps, 12000.05 Mbit/s (12160.05 Mbit/s with framing)
[1;36m[Device: id=1] RX[0m: 0.7598 Mpps, 9141.48 Mbit/s (9263.04 Mbit/s with framing)
[0;34m[Device: id=0] TX[0m: 1.0000 Mpps, 11999.97 Mbit/s (12159.97 Mbit/s with framing)
[1;36m[Device: id=1] RX[0m: 0.7595 Mpps, 9138.33 Mbit/s (9259.85 Mbit/s with framing)
[0;34m[Device: id=0] TX[0m: 1.0000 Mpps, 11999.98 Mbit/s (12159.98 Mbit/s with framing)
[1;36m[Device: id=1] RX[0m: 0.7594 Mpps, 9137.59 Mbit/s (9259.10 Mbit/s with framing)
[0;34m[Device: id=0] TX[0m: 1.0000 Mpps, 12000.11 Mbit/s (12160.11 Mbit/s with framing)
39
[1;36m[Device: id=1] RX[0m: 0.3708 Mpps, 4461.61 Mbit/s (4520.94 Mbit/s with framing)
[0;34m[Device: id=0] TX[0m: 0.4594 Mpps, 5513.25 Mbit/s (5586.76 Mbit/s with framing)
7500000
[1;36m[Device: id=1] RX[0m: 0.7009 (StdDev 0.1457) Mpps, 8433.33 (StdDev 1754) Mbit/s (8545.48 Mbit/s with framing), total 5542975 packets with 8336634400 bytes (incl. CRC)
[0;34m[Device: id=0] TX[0m: 0.0000 Mpps, 0.00 Mbit/s (0.00 Mbit/s with framing)
[0;34m[Device: id=0] TX[0m: 0.8074 (StdDev 0.3771) Mpps, 9689.19 (StdDev 4525) Mbit/s (9818.37 Mbit/s with framing), total 7500000 packets with 11250000000 bytes (incl. CRC)
