[1;37m[INFO]  Initializing DPDK. This will take a few seconds...[0m
EAL: Probing VFIO support...
EAL: WARNING: cpu flags constant_tsc=yes nonstop_tsc=no -> using unreliable clock cycles !
EAL: PCI device 0000:00:03.0 on NUMA socket -1
EAL:   Invalid NUMA socket, default to 0
EAL:   probe driver: 1af4:1000 net_virtio
EAL: PCI device 0000:00:04.0 on NUMA socket -1
EAL:   Invalid NUMA socket, default to 0
EAL:   probe driver: 8086:154c net_i40e_vf
EAL: PCI device 0000:00:05.0 on NUMA socket -1
EAL:   Invalid NUMA socket, default to 0
EAL:   probe driver: 8086:154c net_i40e_vf
[1;37m[INFO]  Found 2 usable devices:[0m
   Device 0: 52:54:00:7E:BA:22 ([0;32mIntel Corporation XL710/X710 Virtual Function[0m)
   Device 1: 52:54:00:34:F7:C3 ([0;32mIntel Corporation XL710/X710 Virtual Function[0m)
[1;33m[WARN]  Failed to get firmware version: -95[0m
[1;33m[WARN]  Failed to get firmware version: -95[0m
[1;37m[INFO]  Waiting for devices to come up...[0m
[1;37m[INFO]  Device 1 (52:54:00:34:F7:C3) is up: 40000 MBit/s[0m
[1;37m[INFO]  Device 0 (52:54:00:7E:BA:22) is up: 40000 MBit/s[0m
[1;37m[INFO]  [0;32m2 devices are up.[0m[0m
[1;37m[INFO]  Trying to enable rx timestamping of all packets, this isn't supported by most nics[0m
[0;34m[Device: id=0] TX[0m: 0.1502 Mpps, 76.91 Mbit/s (100.94 Mbit/s with framing)
[1;36m[Device: id=1] RX[0m: 0.1561 Mpps, 84.92 Mbit/s (109.90 Mbit/s with framing)
[0;34m[Device: id=0] TX[0m: 0.1600 Mpps, 81.93 Mbit/s (107.54 Mbit/s with framing)
[1;36m[Device: id=1] RX[0m: 0.1569 Mpps, 85.38 Mbit/s (110.49 Mbit/s with framing)
[0;34m[Device: id=0] TX[0m: 0.1600 Mpps, 81.93 Mbit/s (107.53 Mbit/s with framing)
[1;36m[Device: id=1] RX[0m: 0.1600 Mpps, 87.04 Mbit/s (112.63 Mbit/s with framing)
[0;34m[Device: id=0] TX[0m: 0.1600 Mpps, 81.93 Mbit/s (107.53 Mbit/s with framing)
[1;36m[Device: id=1] RX[0m: 0.1600 Mpps, 87.05 Mbit/s (112.65 Mbit/s with framing)
[0;34m[Device: id=0] TX[0m: 0.1600 Mpps, 81.93 Mbit/s (107.53 Mbit/s with framing)
[1;36m[Device: id=1] RX[0m: 0.1600 Mpps, 87.05 Mbit/s (112.65 Mbit/s with framing)
[0;34m[Device: id=0] TX[0m: 0.1600 Mpps, 81.93 Mbit/s (107.53 Mbit/s with framing)
[1;36m[Device: id=1] RX[0m: 0.1600 Mpps, 87.05 Mbit/s (112.65 Mbit/s with framing)
[0;34m[Device: id=0] TX[0m: 0.1600 Mpps, 81.93 Mbit/s (107.53 Mbit/s with framing)
[1;36m[Device: id=1] RX[0m: 0.1600 Mpps, 87.05 Mbit/s (112.66 Mbit/s with framing)
39
[0;34m[Device: id=0] TX[0m: 0.0865 Mpps, 44.31 Mbit/s (58.16 Mbit/s with framing)
[1;36m[Device: id=1] RX[0m: 0.0794 Mpps, 43.19 Mbit/s (55.89 Mbit/s with framing)
[0;34m[Device: id=0] TX[0m: 0.0000 Mpps, 0.00 Mbit/s (0.00 Mbit/s with framing)
1200000
[1;36m[Device: id=1] RX[0m: 0.1481 (StdDev 0.0303) Mpps, 80.54 (StdDev 16) Mbit/s (104.23 Mbit/s with framing), total 1192537 packets with 81092516 bytes (incl. CRC)
[0;34m[Device: id=0] TX[0m: 0.1308 (StdDev 0.0588) Mpps, 66.99 (StdDev 30) Mbit/s (87.92 Mbit/s with framing), total 1200000 packets with 76800000 bytes (incl. CRC)
