[1;37m[INFO]  Initializing DPDK. This will take a few seconds...[0m
EAL: Probing VFIO support...
EAL: WARNING: cpu flags constant_tsc=yes nonstop_tsc=no -> using unreliable clock cycles !
EAL: PCI device 0000:00:03.0 on NUMA socket -1
EAL:   Invalid NUMA socket, default to 0
EAL:   probe driver: 1af4:1000 net_virtio
EAL: PCI device 0000:00:04.0 on NUMA socket -1
EAL:   Invalid NUMA socket, default to 0
EAL:   probe driver: 8086:154c net_i40e_vf
EAL: PCI device 0000:00:05.0 on NUMA socket -1
EAL:   Invalid NUMA socket, default to 0
EAL:   probe driver: 8086:154c net_i40e_vf
[1;37m[INFO]  Found 2 usable devices:[0m
   Device 0: 52:54:00:7E:BA:22 ([0;32mIntel Corporation XL710/X710 Virtual Function[0m)
   Device 1: 52:54:00:34:F7:C3 ([0;32mIntel Corporation XL710/X710 Virtual Function[0m)
[1;33m[WARN]  Failed to get firmware version: -95[0m
[1;33m[WARN]  Failed to get firmware version: -95[0m
[1;37m[INFO]  Waiting for devices to come up...[0m
[1;37m[INFO]  Device 1 (52:54:00:34:F7:C3) is up: 40000 MBit/s[0m
[1;37m[INFO]  Device 0 (52:54:00:7E:BA:22) is up: 40000 MBit/s[0m
[1;37m[INFO]  [0;32m2 devices are up.[0m[0m
[1;37m[INFO]  Trying to enable rx timestamping of all packets, this isn't supported by most nics[0m
[0;34m[Device: id=0] TX[0m: 0.5801 Mpps, 297.01 Mbit/s (389.82 Mbit/s with framing)
[1;36m[Device: id=1] RX[0m: 0.5476 Mpps, 297.88 Mbit/s (385.49 Mbit/s with framing)
[0;34m[Device: id=0] TX[0m: 0.6001 Mpps, 307.23 Mbit/s (403.24 Mbit/s with framing)
[1;36m[Device: id=1] RX[0m: 0.5874 Mpps, 319.53 Mbit/s (413.51 Mbit/s with framing)
[0;34m[Device: id=0] TX[0m: 0.6001 Mpps, 307.23 Mbit/s (403.24 Mbit/s with framing)
[1;36m[Device: id=1] RX[0m: 0.6001 Mpps, 326.44 Mbit/s (422.46 Mbit/s with framing)
[1;36m[Device: id=1] RX[0m: 0.6001 Mpps, 326.43 Mbit/s (422.44 Mbit/s with framing)
[0;34m[Device: id=0] TX[0m: 0.6001 Mpps, 307.23 Mbit/s (403.25 Mbit/s with framing)
[1;36m[Device: id=1] RX[0m: 0.6001 Mpps, 326.45 Mbit/s (422.46 Mbit/s with framing)
[0;34m[Device: id=0] TX[0m: 0.6001 Mpps, 307.24 Mbit/s (403.25 Mbit/s with framing)
[1;36m[Device: id=1] RX[0m: 0.6001 Mpps, 326.43 Mbit/s (422.44 Mbit/s with framing)
[0;34m[Device: id=0] TX[0m: 0.6001 Mpps, 307.23 Mbit/s (403.25 Mbit/s with framing)
[1;36m[Device: id=1] RX[0m: 0.6001 Mpps, 326.44 Mbit/s (422.46 Mbit/s with framing)
[0;34m[Device: id=0] TX[0m: 0.6001 Mpps, 307.24 Mbit/s (403.25 Mbit/s with framing)
36
[1;36m[Device: id=1] RX[0m: 0.2957 Mpps, 160.85 Mbit/s (208.16 Mbit/s with framing)
[0;34m[Device: id=0] TX[0m: 0.2871 Mpps, 147.02 Mbit/s (192.96 Mbit/s with framing)
4500000
[1;36m[Device: id=1] RX[0m: 0.5548 (StdDev 0.1143) Mpps, 301.80 (StdDev 62) Mbit/s (390.56 Mbit/s with framing), total 4431027 packets with 301309836 bytes (incl. CRC)
[0;34m[Device: id=0] TX[0m: 0.0000 Mpps, 0.00 Mbit/s (0.00 Mbit/s with framing)
[0;34m[Device: id=0] TX[0m: 0.4859 (StdDev 0.2248) Mpps, 248.80 (StdDev 115) Mbit/s (326.56 Mbit/s with framing), total 4500000 packets with 288000000 bytes (incl. CRC)
